{"linear_velocity": 0, "datetime": "2021-09-29 12:17:54.714726", "walls": [[0.0, 0.0]], "theta": 0, "y": 0, "x": 0, "angular_velocity": 0}
{"linear_velocity": 0.016902647274999395, "datetime": "2021-09-29 12:17:55.621358", "walls": [], "theta": 0.0023384305789450055, "y": -2.3978256050404088e-05, "x": 0.025002753797860138, "angular_velocity": -1.447526148164093e-05}
{"linear_velocity": 0.0015158777008872982, "datetime": "2021-09-29 12:17:56.621394", "walls": [], "theta": 0.002337292814999348, "y": -2.6950118895500312e-05, "x": 0.02419287302292555, "angular_velocity": -0.00043880295291734965}
{"linear_velocity": 0.0001436443778136322, "datetime": "2021-09-29 12:17:57.621484", "walls": [], "theta": 0.0023522137464819493, "y": -2.828371752642345e-05, "x": 0.02410540518455617, "angular_velocity": -0.00011279087929889}
{"linear_velocity": 7.969234984083687e-06, "datetime": "2021-09-29 12:17:58.621471", "walls": [], "theta": 0.0023563026637245703, "y": -2.9530051870953073e-05, "x": 0.02408523685878785, "angular_velocity": -2.493384704704107e-05}
{"linear_velocity": 0.013873241744760244, "datetime": "2021-09-29 12:17:59.621500", "walls": [], "theta": 0.003674277047840518, "y": -1.0315458883064553e-05, "x": 0.03351267626943968, "angular_velocity": 0.0003947798926651846}
{"linear_velocity": 0.3138227703617074, "datetime": "2021-09-29 12:18:00.621275", "walls": [], "theta": 0.0022312812395092548, "y": 0.000444654776010982, "x": 0.2983835111917223, "angular_velocity": -0.00104489265477903}
{"linear_velocity": 0.32995015016067597, "datetime": "2021-09-29 12:18:01.621297", "walls": [], "theta": -0.0003838821451851919, "y": 0.0003655444389278313, "x": 0.6405843654550346, "angular_velocity": -0.0006098542549417831}
{"linear_velocity": 0.27777489770136854, "datetime": "2021-09-29 12:18:02.621541", "walls": [], "theta": 4.886134120385363e-05, "y": 0.00034012243192145107, "x": 0.9201909388846314, "angular_velocity": -1.796538911006835e-05}
{"linear_velocity": 0.22415621475360228, "datetime": "2021-09-29 12:18:03.624108", "walls": [], "theta": 0.00012306470092993596, "y": 0.0003794833727089384, "x": 1.157029103936902, "angular_velocity": -0.00016589528494825452}
{"linear_velocity": 0.18293792357764338, "datetime": "2021-09-29 12:18:04.621541", "walls": [], "theta": 0.00028191244416387755, "y": 0.0004289995591937913, "x": 1.338460020181023, "angular_velocity": -8.031085110566413e-05}
{"linear_velocity": 0.1480721784847768, "datetime": "2021-09-29 12:18:05.621560", "walls": [], "theta": -0.0003988038680083815, "y": 0.0004705519805201768, "x": 1.4962555913059794, "angular_velocity": -0.0009447249992616713}
{"linear_velocity": 0.11980517935661698, "datetime": "2021-09-29 12:18:06.621818", "walls": [], "theta": 0.00013273988324383936, "y": 0.0002364764631618204, "x": 1.616153131479484, "angular_velocity": 0.0007641517041990888}
{"linear_velocity": 0.09874899693703422, "datetime": "2021-09-29 12:18:07.621290", "walls": [], "theta": -0.0002344739392219828, "y": 0.00027374612971010887, "x": 1.7141573912709827, "angular_velocity": -0.0006619476138928731}
{"linear_velocity": 0.07982872541856749, "datetime": "2021-09-29 12:18:08.621453", "walls": [], "theta": -0.003090046786979257, "y": -0.00017946802233807405, "x": 1.7984823814380848, "angular_velocity": 0.0028902725558815115}
{"linear_velocity": 0.06656852254730665, "datetime": "2021-09-29 12:18:09.621419", "walls": [], "theta": -0.0012721118337133501, "y": -0.00038303374089507903, "x": 1.8640832841092088, "angular_velocity": 0.003862120751268131}
{"linear_velocity": 0.17666223462041045, "datetime": "2021-09-29 12:18:10.621332", "walls": [], "theta": -0.02449188335772529, "y": -0.00039050604823237, "x": 1.9372099628157013, "angular_velocity": -0.6142490975176147}
{"linear_velocity": 0.5308930738993913, "datetime": "2021-09-29 12:18:11.621580", "walls": [], "theta": -1.5038062340082838, "y": -0.30846909192581434, "x": 2.2756484463247184, "angular_velocity": -1.5620949905936972}
{"linear_velocity": 0.5980061696362183, "datetime": "2021-09-29 12:18:12.621394", "walls": [], "theta": -2.4477613101015967, "y": -0.8505302879386646, "x": 1.9925636642735265, "angular_velocity": -0.9270249120088305}
{"linear_velocity": 0.6024768378741648, "datetime": "2021-09-29 12:18:13.623486", "walls": [], "theta": -2.8117756938120393, "y": -1.1435548723645046, "x": 1.4470252368678655, "angular_velocity": -0.42760706910355806}
{"linear_velocity": 0.5635542551317646, "datetime": "2021-09-29 12:18:14.621560", "walls": [], "theta": -2.958735437560384, "y": -1.287329996801984, "x": 0.8982427987892394, "angular_velocity": -0.19729130388476296}
{"linear_velocity": 0.47074863486967394, "datetime": "2021-09-29 12:18:15.621367", "walls": [], "theta": -3.0214495704501267, "y": -1.3588671959391538, "x": 0.4321593862540543, "angular_velocity": -0.09099322015886716}
{"linear_velocity": 0.38120394904470656, "datetime": "2021-09-29 12:18:16.621192", "walls": [], "theta": -3.050082674735096, "y": -1.4005544049357526, "x": 0.03145262484922778, "angular_velocity": -0.04012698292011229}
{"linear_velocity": 0.309766896558199, "datetime": "2021-09-29 12:18:17.621371", "walls": [], "theta": -3.0658449431054113, "y": -1.426231007769461, "x": -0.2750654873604409, "angular_velocity": -0.022209640204398196}
{"linear_velocity": 0.2503492637637954, "datetime": "2021-09-29 12:18:18.621492", "walls": [], "theta": -3.076628164060685, "y": -1.4447383640467144, "x": -0.5403803727313229, "angular_velocity": -0.012081394610174039}
{"linear_velocity": 0.20326261712745813, "datetime": "2021-09-29 12:18:19.621700", "walls": [], "theta": -3.0836592826213867, "y": -1.4573495986885845, "x": -0.7447655869660784, "angular_velocity": -0.0034207461997695253}
{"linear_velocity": 0.16591297704295452, "datetime": "2021-09-29 12:18:20.621256", "walls": [], "theta": -3.0873255060127827, "y": -1.4672404292218866, "x": -0.91928761646492, "angular_velocity": -0.0010737697763060108}
{"linear_velocity": 0.136098680413428, "datetime": "2021-09-29 12:18:21.621422", "walls": [], "theta": -3.0873967998201044, "y": -1.4744470872999602, "x": -1.051967645670498, "angular_velocity": 0.0002792459793738755}
{"linear_velocity": 0.11127623675966544, "datetime": "2021-09-29 12:18:22.621288", "walls": [], "theta": -3.084310376065392, "y": -1.4807624633549075, "x": -1.163781082739995, "angular_velocity": 0.0005925000449983128}
{"linear_velocity": 0.09100143106592447, "datetime": "2021-09-29 12:18:23.624249", "walls": [], "theta": -3.0844210925911923, "y": -1.4859406807008462, "x": -1.254594675140327, "angular_velocity": 0.00020593094489025035}
{"linear_velocity": 0.07284655944821546, "datetime": "2021-09-29 12:18:24.621386", "walls": [], "theta": -3.084395493402606, "y": -1.4898239195380667, "x": -1.3225979824126672, "angular_velocity": 9.382448965359076e-05}
{"linear_velocity": 0.05793894306156076, "datetime": "2021-09-29 12:18:25.621386", "walls": [], "theta": -3.084404119605141, "y": -1.4937961023497328, "x": -1.392138794539962, "angular_velocity": 3.915583591996961e-05}
{"linear_velocity": 0.41027674075350756, "datetime": "2021-09-29 12:18:26.621334", "walls": [], "theta": 2.720941128043702, "y": -1.4644144385193152, "x": -1.673219486429391, "angular_velocity": -1.010364981501999}
{"linear_velocity": 0.5800555090731834, "datetime": "2021-09-29 12:18:27.621247", "walls": [], "theta": 1.6232304930001362, "y": -0.9599850542938001, "x": -1.9561736497244624, "angular_velocity": -0.9630155764807442}
{"linear_velocity": 0.5989151325892897, "datetime": "2021-09-29 12:18:28.621436", "walls": [], "theta": 1.1684106065835387, "y": -0.3536077630857472, "x": -1.8311336544611998, "angular_velocity": -0.493155235132489}
{"linear_velocity": 0.568277144426434, "datetime": "2021-09-29 12:18:29.621569", "walls": [], "theta": 0.9927259661799888, "y": 0.1506583814127871, "x": -1.5591639382716047, "angular_velocity": -0.23458332707538956}
{"linear_velocity": 0.4713490812628588, "datetime": "2021-09-29 12:18:30.621328", "walls": [], "theta": 0.9029109764272397, "y": 0.5544908010025985, "x": -1.2696129277051638, "angular_velocity": -0.11127533544524291}
{"linear_velocity": 0.38357827242580383, "datetime": "2021-09-29 12:18:31.621409", "walls": [], "theta": 0.8617560669557328, "y": 0.8493266840459321, "x": -1.0264717331667, "angular_velocity": -0.05021390649536438}
{"linear_velocity": 0.30732111844223, "datetime": "2021-09-29 12:18:32.620694", "walls": [], "theta": 0.8505353920235909, "y": 1.0945496125113081, "x": -0.8141075250960479, "angular_velocity": -0.020430833724205687}
{"linear_velocity": 0.25205226710508577, "datetime": "2021-09-29 12:18:33.624356", "walls": [], "theta": 0.8420528910412685, "y": 1.282981375431756, "x": -0.647339206927104, "angular_velocity": -0.010991122746845338}
{"linear_velocity": 0.20629163791645116, "datetime": "2021-09-29 12:18:34.621296", "walls": [], "theta": 0.8423652024059558, "y": 1.4359310371984362, "x": -0.5109360072483817, "angular_velocity": -0.005599108157638224}
{"linear_velocity": 0.16447248105163945, "datetime": "2021-09-29 12:18:35.621366", "walls": [], "theta": 0.8393799770078856, "y": 1.572813679030105, "x": -0.3886242175094282, "angular_velocity": -0.005862125519838788}
{"linear_velocity": 0.1341574281476593, "datetime": "2021-09-29 12:18:36.621404", "walls": [], "theta": 0.8336058315231665, "y": 1.6709636036761963, "x": -0.29994762762633576, "angular_velocity": -0.004569103011103001}
{"linear_velocity": 0.10940392111495352, "datetime": "2021-09-29 12:18:37.621198", "walls": [], "theta": 0.8304019550184694, "y": 1.7518634504027, "x": -0.22608549063593392, "angular_velocity": -0.0009263905372942803}
{"linear_velocity": 0.08838800331735168, "datetime": "2021-09-29 12:18:38.621214", "walls": [], "theta": 0.8304284514460898, "y": 1.8210628480994493, "x": -0.16286040580492914, "angular_velocity": 0.0006733681871552316}
{"linear_velocity": 0.07224144306978277, "datetime": "2021-09-29 12:18:39.621201", "walls": [], "theta": 0.8342374321931098, "y": 1.8711625001180838, "x": -0.11729440243021878, "angular_velocity": 0.0008151050051845148}
{"linear_velocity": 0.05819802785921577, "datetime": "2021-09-29 12:18:40.621352", "walls": [], "theta": 0.8333761594068688, "y": 1.91724768683768, "x": -0.07548589254715553, "angular_velocity": -0.0009832240006214417}
{"linear_velocity": 0.3424206955515691, "datetime": "2021-09-29 12:18:41.621533", "walls": [], "theta": 0.571506252264262, "y": 2.050383759756112, "x": 0.06459165392580747, "angular_velocity": -1.0206876690543247}
{"linear_velocity": 0.5787130131087004, "datetime": "2021-09-29 12:18:42.621434", "walls": [], "theta": -0.9473850695061772, "y": 1.873057937489174, "x": 0.6208015072951002, "angular_velocity": -1.2044737397931053}
{"linear_velocity": 0.598788530458879, "datetime": "2021-09-29 12:18:43.626117", "walls": [], "theta": -1.5156965226870693, "y": 1.2544977096675631, "x": 0.8109108965805648, "angular_velocity": -0.5782328173189742}
{"linear_velocity": 0.598261173508751, "datetime": "2021-09-29 12:18:44.621026", "walls": [], "theta": -1.7286305447849022, "y": 0.6642104185647829, "x": 0.7770326255053166, "angular_velocity": -0.27070231428758207}
{"linear_velocity": 0.5308804340834814, "datetime": "2021-09-29 12:18:45.621235", "walls": [], "theta": -1.8175820310899518, "y": 0.13952831364129886, "x": 0.6680886710995443, "angular_velocity": -0.11947803931837446}
{"linear_velocity": 0.4382252979009453, "datetime": "2021-09-29 12:18:46.621461", "walls": [], "theta": -1.8512382973997368, "y": -0.30336719367944986, "x": 0.5484030502957745, "angular_velocity": -0.0520950256525659}
{"linear_velocity": 0.359352626773327, "datetime": "2021-09-29 12:18:47.621363", "walls": [], "theta": -1.879022774577645, "y": -0.6280885966396401, "x": 0.4501161781180994, "angular_velocity": -0.029331261118200908}
{"linear_velocity": 0.29016175775567166, "datetime": "2021-09-29 12:18:48.621290", "walls": [], "theta": -1.8902629727947367, "y": -0.9203796889968764, "x": 0.35384643334970123, "angular_velocity": -0.006124423579035267}
{"linear_velocity": 0.23290491484637238, "datetime": "2021-09-29 12:18:49.621344", "walls": [], "theta": -1.8898345034252477, "y": -1.154567518028228, "x": 0.2764548487900382, "angular_velocity": 0.00020787076186374}
{"linear_velocity": 0.19157484972705902, "datetime": "2021-09-29 12:18:50.621416", "walls": [], "theta": -1.886990713725622, "y": -1.3363460362492536, "x": 0.21686840517391195, "angular_velocity": 0.0006322252402681382}
{"linear_velocity": 0.15544402009427177, "datetime": "2021-09-29 12:18:51.621374", "walls": [], "theta": -1.886741435907935, "y": -1.4919496185723187, "x": 0.16594541959454354, "angular_velocity": 0.00021440791223771693}
{"linear_velocity": 0.12557627417313724, "datetime": "2021-09-29 12:18:52.621369", "walls": [], "theta": -1.8868103415761222, "y": -1.6109258825624917, "x": 0.12702121729549018, "angular_velocity": 3.585670492417273e-05}
{"linear_velocity": 0.10285806937902224, "datetime": "2021-09-29 12:18:53.627982", "walls": [], "theta": -1.8870608599918133, "y": -1.7079621656511494, "x": 0.09527984123913627, "angular_velocity": -0.00012453596059382654}
{"linear_velocity": 0.08391471736312921, "datetime": "2021-09-29 12:18:54.621071", "walls": [], "theta": -1.8868202133694123, "y": -1.7922105564044186, "x": 0.06772658755380453, "angular_velocity": 2.564858064072688e-05}
{"linear_velocity": 0.06802906775905491, "datetime": "2021-09-29 12:18:55.621551", "walls": [], "theta": -1.886581345347113, "y": -1.8597143288623024, "x": 0.04565233215913999, "angular_velocity": 0.0001222408580810584}
{"linear_velocity": 0.05500693617183945, "datetime": "2021-09-29 12:18:56.621488", "walls": [], "theta": -1.886499377039196, "y": -1.9075248549685744, "x": 0.03002659391461878, "angular_velocity": 0.00013599522104248269}
{"linear_velocity": 0.47120073412772207, "datetime": "2021-09-29 12:18:57.621648", "walls": [], "theta": -2.778436845509062, "y": -2.196234759750842, "x": -0.19886416327501108, "angular_velocity": -1.3628525342339777}
{"linear_velocity": 0.5936578070714236, "datetime": "2021-09-29 12:18:58.621568", "walls": [], "theta": 2.3217735517336786, "y": -1.984627476209602, "x": -0.7976846641940009, "angular_velocity": -0.9708042355363173}
{"linear_velocity": 0.6016847395321041, "datetime": "2021-09-29 12:18:59.621511", "walls": [], "theta": 1.9385139910238092, "y": -1.4830615942852698, "x": -1.1027957121804792, "angular_velocity": -0.48133493353299595}
{"linear_velocity": 0.5641645699277039, "datetime": "2021-09-29 12:19:00.621540", "walls": [], "theta": 1.773996461195836, "y": -0.9069755776303398, "x": -1.2695578007613029, "angular_velocity": -0.21074383529078777}
{"linear_velocity": 0.47585005885234744, "datetime": "2021-09-29 12:19:01.621372", "walls": [], "theta": 1.7027597048381482, "y": -0.4630243012410617, "x": -1.3442635612136793, "angular_velocity": -0.1026544638393584}
{"linear_velocity": 0.3846255818971677, "datetime": "2021-09-29 12:19:02.621175", "walls": [], "theta": 1.6584879019318428, "y": -0.05855341559302129, "x": -1.3894959287517128, "angular_velocity": -0.04857626195599945}
{"linear_velocity": 0.3107787427901895, "datetime": "2021-09-29 12:19:03.628047", "walls": [], "theta": 1.6470988940125533, "y": 0.26929329610860886, "x": -1.416672633754182, "angular_velocity": -0.018876604277147605}
{"linear_velocity": 0.2544933588930895, "datetime": "2021-09-29 12:19:04.621426", "walls": [], "theta": 1.6426354581121618, "y": 0.5231478894886596, "x": -1.4355296162131976, "angular_velocity": -0.008872113965434242}
{"linear_velocity": 0.2082885037244631, "datetime": "2021-09-29 12:19:05.621281", "walls": [], "theta": 1.6392764163672184, "y": 0.7297654385382556, "x": -1.450094237172629, "angular_velocity": -0.005045863843595875}
{"linear_velocity": 0.1685709576184487, "datetime": "2021-09-29 12:19:06.621405", "walls": [], "theta": 1.6392514372611482, "y": 0.9074785668169718, "x": -1.4622676454729744, "angular_velocity": -0.0029547093055687958}
{"linear_velocity": 0.1377820082209218, "datetime": "2021-09-29 12:19:07.621340", "walls": [], "theta": 1.6329567983353765, "y": 1.0366632407613372, "x": -1.4705999981904296, "angular_velocity": -0.002560849759494748}
{"linear_velocity": 0.11113529425531277, "datetime": "2021-09-29 12:19:08.621334", "walls": [], "theta": 1.633220783982722, "y": 1.1614903279986981, "x": -1.4783854579087963, "angular_velocity": 0.0002874312460453652}
{"linear_velocity": 0.09091928723335711, "datetime": "2021-09-29 12:19:09.620466", "walls": [], "theta": 1.638242016288069, "y": 1.2469702562360907, "x": -1.4838520027291195, "angular_velocity": 0.002117859723484799}
{"linear_velocity": 0.07334891601736576, "datetime": "2021-09-29 12:19:10.621382", "walls": [], "theta": 1.6357784250803993, "y": 1.3247519194516761, "x": -1.4890289834518549, "angular_velocity": -0.0017406619571021993}
{"linear_velocity": 0.05860424212713419, "datetime": "2021-09-29 12:19:11.621480", "walls": [], "theta": 1.6356368324291153, "y": 1.387295076209534, "x": -1.4931004691073124, "angular_velocity": -0.0015776194055151058}
{"linear_velocity": 0.3361562087131153, "datetime": "2021-09-29 12:19:12.621274", "walls": [], "theta": 1.4248234167714624, "y": 1.579119617501283, "x": -1.494741701842475, "angular_velocity": -0.8289921081462598}
{"linear_velocity": 0.5772255018142965, "datetime": "2021-09-29 12:19:13.639762", "walls": [], "theta": 0.079142818463588, "y": 1.94721168606519, "x": -0.9928884093586442, "angular_velocity": -0.9887813646869176}
{"linear_velocity": 0.6002637896503898, "datetime": "2021-09-29 12:19:14.620840", "walls": [], "theta": -0.370891618141566, "y": 1.8480467023075466, "x": -0.4099482196298413, "angular_velocity": -0.5287633913597323}
{"linear_velocity": 0.5707559095371073, "datetime": "2021-09-29 12:19:15.621579", "walls": [], "theta": -0.5646646187018409, "y": 1.5722895415935843, "x": 0.1262644323153948, "angular_velocity": -0.24383271051547992}
{"linear_velocity": 0.47696203022757394, "datetime": "2021-09-29 12:19:16.621484", "walls": [], "theta": -0.6594079215043442, "y": 1.298662683925525, "x": 0.5172925934057132, "angular_velocity": -0.12226344346309775}
{"linear_velocity": 0.39069003184923135, "datetime": "2021-09-29 12:19:17.621918", "walls": [], "theta": -0.7025749852288276, "y": 1.0517949941747569, "x": 0.8201305178371092, "angular_velocity": -0.05403011255629761}
{"linear_velocity": 0.3159446022286859, "datetime": "2021-09-29 12:19:18.621105", "walls": [], "theta": -0.7186365760933509, "y": 0.8340440638996791, "x": 1.0720384867520032, "angular_velocity": -0.021718333066060684}
{"linear_velocity": 0.25746818120705306, "datetime": "2021-09-29 12:19:19.621377", "walls": [], "theta": -0.7310751912990306, "y": 0.6641123609507027, "x": 1.2642088329891403, "angular_velocity": -0.012753717550879177}
{"linear_velocity": 0.20703592244482366, "datetime": "2021-09-29 12:19:20.621523", "walls": [], "theta": -0.7313781217998214, "y": 0.5181046472867271, "x": 1.4268768766517583, "angular_velocity": -0.004122948538286219}
{"linear_velocity": 0.1699962192893319, "datetime": "2021-09-29 12:19:21.621592", "walls": [], "theta": -0.7313277045118148, "y": 0.4046758974245246, "x": 1.553321904147933, "angular_velocity": -0.0031227685508213947}
{"linear_velocity": 0.13806257278882764, "datetime": "2021-09-29 12:19:22.621418", "walls": [], "theta": -0.734846380402976, "y": 0.3125592390133662, "x": 1.6557815397501467, "angular_velocity": -0.00414208029780163}
{"linear_velocity": 0.11222132308777953, "datetime": "2021-09-29 12:19:23.632569", "walls": [], "theta": -0.7348289501513722, "y": 0.23274234535300303, "x": 1.7441097648106496, "angular_velocity": -0.002351262902046435}
{"linear_velocity": 0.09150291527074401, "datetime": "2021-09-29 12:19:24.621257", "walls": [], "theta": -0.7388065190554212, "y": 0.17182368550323696, "x": 1.8113643288154886, "angular_velocity": -0.003196296676406044}
{"linear_velocity": 0.07324667358044445, "datetime": "2021-09-29 12:19:25.621516", "walls": [], "theta": -0.7384626190031119, "y": 0.11953798142532414, "x": 1.8687986337205154, "angular_velocity": -0.0009192031545170909}
{"linear_velocity": 0.05932098575131152, "datetime": "2021-09-29 12:19:26.621394", "walls": [], "theta": -0.7408830368856343, "y": 0.07915547802508582, "x": 1.9130846212971588, "angular_velocity": -0.0011500217094515186}
{"linear_velocity": 0.3342873856207372, "datetime": "2021-09-29 12:19:27.621409", "walls": [], "theta": -0.9259930563100962, "y": -0.05717626673978561, "x": 2.0488978847268546, "angular_velocity": -0.7985052480957477}
{"linear_velocity": 0.5766826289044122, "datetime": "2021-09-29 12:19:28.621331", "walls": [], "theta": -2.2175534930193272, "y": -0.6523647991246435, "x": 1.9919493894719034, "angular_velocity": -1.0197823317782513}
{"linear_velocity": 0.6000043258000806, "datetime": "2021-09-29 12:19:29.621288", "walls": [], "theta": -2.6770248782599544, "y": -1.0011186375519343, "x": 1.5547948364653454, "angular_velocity": -0.5792496323725593}
{"linear_velocity": 0.5881017583762774, "datetime": "2021-09-29 12:19:30.621495", "walls": [], "theta": -2.881534056694435, "y": -1.1930178893264862, "x": 1.0361018357558278, "angular_velocity": -0.2852247306912898}
{"linear_velocity": 0.4869035135789107, "datetime": "2021-09-29 12:19:31.621690", "walls": [], "theta": -2.986670993374063, "y": -1.3102590530245402, "x": 0.47035658406255093, "angular_velocity": -0.11674964941961542}
{"linear_velocity": 0.40006857399933465, "datetime": "2021-09-29 12:19:32.621457", "walls": [], "theta": -3.0274630740996478, "y": -1.3600721105956404, "x": 0.09768396260190576, "angular_velocity": -0.05621995528271765}
{"linear_velocity": 0.31828893887609333, "datetime": "2021-09-29 12:19:33.630904", "walls": [], "theta": -3.0447257696149514, "y": -1.3988426268120115, "x": -0.2543145497052406, "angular_velocity": -0.028959827068175778}
{"linear_velocity": 0.2601131488644973, "datetime": "2021-09-29 12:19:34.621439", "walls": [], "theta": -3.057015988424971, "y": -1.4219565403744296, "x": -0.5131146279728078, "angular_velocity": -0.01326039871124772}
{"linear_velocity": 0.21523778953186182, "datetime": "2021-09-29 12:19:35.621189", "walls": [], "theta": -3.0667819487052985, "y": -1.4372600824402233, "x": -0.7156590339981113, "angular_velocity": -0.0029900942563844415}
{"linear_velocity": 0.1748300076306538, "datetime": "2021-09-29 12:19:36.621396", "walls": [], "theta": -3.066434361454372, "y": -1.4503657461735442, "x": -0.889839781701426, "angular_velocity": 0.0018425211810409992}
{"linear_velocity": 0.14016594707594784, "datetime": "2021-09-29 12:19:37.621327", "walls": [], "theta": -3.0636108247975007, "y": -1.4616290421849973, "x": -1.038406995513725, "angular_velocity": 0.004422071814981048}
{"linear_velocity": 0.11145212091051514, "datetime": "2021-09-29 12:19:38.621450", "walls": [], "theta": -3.058418440627376, "y": -1.4717423874343811, "x": -1.162773649286147, "angular_velocity": 0.0023489623035049287}
{"linear_velocity": 0.09255313757249897, "datetime": "2021-09-29 12:19:39.621291", "walls": [], "theta": -3.0587779217042548, "y": -1.4789043774898991, "x": -1.2491504666255113, "angular_velocity": 0.00045093044270101316}
{"linear_velocity": 0.07295188786897365, "datetime": "2021-09-29 12:19:40.621922", "walls": [], "theta": -3.0587145452590105, "y": -1.4852635161520382, "x": -1.3256268634308144, "angular_velocity": 0.00015101031180052846}
{"linear_velocity": 0.05867632449895517, "datetime": "2021-09-29 12:19:41.621703", "walls": [], "theta": -3.0585655601866475, "y": -1.4904742601163212, "x": -1.3882145507109174, "angular_velocity": 0.0005709929816905268}
{"linear_velocity": 0.33074751791656987, "datetime": "2021-09-29 12:19:42.621403", "walls": [], "theta": 3.029897053273257, "y": -1.4967947366598164, "x": -1.5772611855444785, "angular_velocity": -0.8263761232155787}
{"linear_velocity": 0.5796732378145906, "datetime": "2021-09-29 12:19:43.646638", "walls": [], "theta": 1.651218696739121, "y": -1.0001934805547779, "x": -1.954041439398457, "angular_velocity": -1.0186046768349026}
{"linear_velocity": 0.5961511464562633, "datetime": "2021-09-29 12:19:44.621901", "walls": [], "theta": 1.2310157111913376, "y": -0.48020090680475636, "x": -1.8758515417172648, "angular_velocity": -0.5771347369870532}
{"linear_velocity": 0.5826568806212566, "datetime": "2021-09-29 12:19:45.621563", "walls": [], "theta": 1.0087255196985696, "y": 0.06881730131972816, "x": -1.6052528090161935, "angular_velocity": -0.27044517794710066}
{"linear_velocity": 0.4835533862648897, "datetime": "2021-09-29 12:19:46.621446", "walls": [], "theta": 0.9135011176760183, "y": 0.49195735650435096, "x": -1.3088149805484754, "angular_velocity": -0.11909720179400424}
{"linear_velocity": 0.3963649905430204, "datetime": "2021-09-29 12:19:47.621344", "walls": [], "theta": 0.8723162707793704, "y": 0.7997253126094784, "x": -1.0604509609711787, "angular_velocity": -0.05341956401574025}
{"linear_velocity": 0.3213205740818406, "datetime": "2021-09-29 12:19:48.621545", "walls": [], "theta": 0.8460864907567801, "y": 1.0566691796386238, "x": -0.8380519565608695, "angular_velocity": -0.02108731420017656}
{"linear_velocity": 0.2624917480414311, "datetime": "2021-09-29 12:19:49.621586", "walls": [], "theta": 0.8470087234757943, "y": 1.2507876961243298, "x": -0.6665585733158593, "angular_velocity": -0.005527264160527669}
{"linear_velocity": 0.2149553793585122, "datetime": "2021-09-29 12:19:50.620555", "walls": [], "theta": 0.8474431863328562, "y": 1.4024554112312044, "x": -0.5326121113739906, "angular_velocity": -0.0029925545101731794}
{"linear_velocity": 0.1734010996761732, "datetime": "2021-09-29 12:19:51.620546", "walls": [], "theta": 0.842115035982988, "y": 1.547648713968145, "x": -0.4040494142901134, "angular_velocity": -0.004690872828870275}
{"linear_velocity": 0.14216118889948143, "datetime": "2021-09-29 12:19:52.621189", "walls": [], "theta": 0.8425810303545614, "y": 1.6473672368526355, "x": -0.3150800659910739, "angular_velocity": -0.0009227270783485614}
{"linear_velocity": 0.11184917870231556, "datetime": "2021-09-29 12:19:53.637480", "walls": [], "theta": 0.842522701470484, "y": 1.745873479513267, "x": -0.2272225223281217, "angular_velocity": -0.0004982679435587588}
{"linear_velocity": 0.09274917821894177, "datetime": "2021-09-29 12:19:54.621285", "walls": [], "theta": 0.8422602331183019, "y": 1.8109724571696002, "x": -0.1691562781347316, "angular_velocity": -0.0007551770543947349}
{"linear_velocity": 0.07393656872355851, "datetime": "2021-09-29 12:19:55.621435", "walls": [], "theta": 0.8401709809331765, "y": 1.8657279844132986, "x": -0.12022739269624984, "angular_velocity": -0.0011775219300892328}
{"linear_velocity": 0.05933281224557243, "datetime": "2021-09-29 12:19:56.621765", "walls": [], "theta": 0.8402026401566022, "y": 1.9131929206567688, "x": -0.07769054946088094, "angular_velocity": -0.0001319093586274921}
{"linear_velocity": 0.2881877137783004, "datetime": "2021-09-29 12:19:57.621333", "walls": [], "theta": 0.7046225766227413, "y": 2.021597218477236, "x": 0.02551668745479643, "angular_velocity": -0.8386723883311284}
{"linear_velocity": 0.5750253237332462, "datetime": "2021-09-29 12:19:58.621488", "walls": [], "theta": -0.9319295921386098, "y": 1.8826642552110828, "x": 0.6040867367175882, "angular_velocity": -1.2345299432640753}
{"linear_velocity": 0.5964879581236395, "datetime": "2021-09-29 12:19:59.621480", "walls": [], "theta": -1.472683085439594, "y": 1.358443175860298, "x": 0.7910918393946388, "angular_velocity": -0.6877601714345808}
{"linear_velocity": 0.6017563595895615, "datetime": "2021-09-29 12:20:00.621336", "walls": [], "theta": -1.7064453673978999, "y": 0.7391912633612888, "x": 0.7753064866966518, "angular_velocity": -0.30098571406417474}
{"linear_velocity": 0.5440428843443542, "datetime": "2021-09-29 12:20:01.621151", "walls": [], "theta": -1.8184571067218078, "y": 0.1667231919177944, "x": 0.6600373011423529, "angular_velocity": -0.12426411611210908}
{"linear_velocity": 0.454525183102189, "datetime": "2021-09-29 12:20:02.620884", "walls": [], "theta": -1.8429845103017055, "y": -0.2433909210134282, "x": 0.5512531877273608, "angular_velocity": -0.05363236677919515}
{"linear_velocity": 0.35848480473978117, "datetime": "2021-09-29 12:20:03.658821", "walls": [], "theta": -1.8726826496679843, "y": -0.6465497397363977, "x": 0.4318657841595151, "angular_velocity": -0.023820672635947893}
{"linear_velocity": 0.29608847374533415, "datetime": "2021-09-29 12:20:04.621574", "walls": [], "theta": -1.8813533342111197, "y": -0.8956856011865627, "x": 0.3539191312657756, "angular_velocity": -0.012782855817981609}
{"linear_velocity": 0.23940259343367895, "datetime": "2021-09-29 12:20:05.621516", "walls": [], "theta": -1.8779577366391502, "y": -1.1369446788740298, "x": 0.2754964865090172, "angular_velocity": 0.002840524373309976}
{"linear_velocity": 0.19627735429293927, "datetime": "2021-09-29 12:20:06.621455", "walls": [], "theta": -1.8773202680999002, "y": -1.3260219169368181, "x": 0.21564893981063596, "angular_velocity": -0.0006730020731038661}
{"linear_velocity": 0.15779892878433427, "datetime": "2021-09-29 12:20:07.621429", "walls": [], "theta": -1.8775085392338333, "y": -1.4832542227202756, "x": 0.16589495838983245, "angular_velocity": -0.002199638281852837}
{"linear_velocity": 0.12678649175260953, "datetime": "2021-09-29 12:20:08.621537", "walls": [], "theta": -1.8773243764996672, "y": -1.6107474297009636, "x": 0.12555358351028972, "angular_velocity": -0.003016815236576057}
{"linear_velocity": 0.10580630623192978, "datetime": "2021-09-29 12:20:09.621479", "walls": [], "theta": -1.8809125240670408, "y": -1.6998008353147522, "x": 0.09726427172301459, "angular_velocity": -0.004619487888307276}
{"linear_velocity": 0.08396965077106881, "datetime": "2021-09-29 12:20:10.621574", "walls": [], "theta": -1.8871600281080714, "y": -1.7937819063958262, "x": 0.06672190472310617, "angular_velocity": -0.0013444039488176678}
{"linear_velocity": 0.06862138289025314, "datetime": "2021-09-29 12:20:11.621437", "walls": [], "theta": -1.887285933039425, "y": -1.858355673787381, "x": 0.04559063052878598, "angular_velocity": 0.000996439596599537}
{"linear_velocity": 0.07848343043870597, "datetime": "2021-09-29 12:20:12.621324", "walls": [], "theta": -1.8858697732464278, "y": -1.9098915687542297, "x": 0.028902325298190566, "angular_velocity": -0.11471161551932474}
{"linear_velocity": 0.4906845551051537, "datetime": "2021-09-29 12:20:13.630035", "walls": [], "theta": -2.9124693439544287, "y": -2.2076272682846834, "x": -0.2402753200901762, "angular_velocity": -1.450852034183952}
{"linear_velocity": 0.5946771718138092, "datetime": "2021-09-29 12:20:14.621217", "walls": [], "theta": 2.2890655263813917, "y": -1.968222887446427, "x": -0.7692943490098917, "angular_velocity": -0.9945110710384318}
{"linear_velocity": 0.5999125831859267, "datetime": "2021-09-29 12:20:15.621304", "walls": [], "theta": 1.9302212956098501, "y": -1.4603865237992102, "x": -1.062734995916695, "angular_velocity": -0.46334607267782685}
{"linear_velocity": 0.5709870068006806, "datetime": "2021-09-29 12:20:16.621911", "walls": [], "theta": 1.7867156820038974, "y": -0.9080774968573535, "x": -1.2255092076140153, "angular_velocity": -0.20703946944222662}
{"linear_velocity": 0.47041708568454593, "datetime": "2021-09-29 12:20:17.621538", "walls": [], "theta": 1.711630849177815, "y": -0.41881963780952247, "x": -1.3119416600464602, "angular_velocity": -0.09038667069827747}
{"linear_velocity": 0.38168178656321, "datetime": "2021-09-29 12:20:18.621284", "walls": [], "theta": 1.6746526699815139, "y": -0.020304794435726144, "x": -1.3601869381419933, "angular_velocity": -0.03805077350217253}
{"linear_velocity": 0.3114921350872492, "datetime": "2021-09-29 12:20:19.621484", "walls": [], "theta": 1.672087016868112, "y": 0.28736164617241444, "x": -1.392531994154233, "angular_velocity": -0.016058200688359996}
{"linear_velocity": 0.25405503089929704, "datetime": "2021-09-29 12:20:20.621898", "walls": [], "theta": 1.668822517438582, "y": 0.539304832072959, "x": -1.4177988683456955, "angular_velocity": -0.010432936659068156}
{"linear_velocity": 0.206902456893967, "datetime": "2021-09-29 12:20:21.621357", "walls": [], "theta": 1.6572153375468144, "y": 0.754809920153982, "x": -1.4381386272948264, "angular_velocity": -0.011543587310447287}
{"linear_velocity": 0.16651292166204176, "datetime": "2021-09-29 12:20:22.621376", "walls": [], "theta": 1.6549663493650615, "y": 0.919301929754956, "x": -1.4520270948227647, "angular_velocity": -0.00347060304010794}
{"linear_velocity": 0.13789733859298917, "datetime": "2021-09-29 12:20:23.652673", "walls": [], "theta": 1.6552202379820184, "y": 1.0653465548878447, "x": -1.4643838657236603, "angular_velocity": -0.0016325326412058236}
{"linear_velocity": 0.11036354769590191, "datetime": "2021-09-29 12:20:24.621362", "walls": [], "theta": 1.6539067291609428, "y": 1.1822239478858425, "x": -1.4741497542634363, "angular_velocity": -0.001291298417395426}
{"linear_velocity": 0.0878576634117073, "datetime": "2021-09-29 12:20:25.621428", "walls": [], "theta": 1.6539101224075492, "y": 1.2707084250668663, "x": -1.4815371800656358, "angular_velocity": -0.0013537048348842813}
{"linear_velocity": 0.07005255696348497, "datetime": "2021-09-29 12:20:26.620608", "walls": [], "theta": 1.6539419702241411, "y": 1.340322310626254, "x": -1.4873534727287594, "angular_velocity": -0.0018495499514667635}
{"linear_velocity": 0.05693289457622282, "datetime": "2021-09-29 12:20:27.621359", "walls": [], "theta": 1.6492291960178995, "y": 1.397647841379689, "x": -1.4919801138946842, "angular_velocity": -0.002012334693064145}
{"linear_velocity": 0.4392596454574212, "datetime": "2021-09-29 12:20:28.621373", "walls": [], "theta": 1.0573430239897226, "y": 1.7153930990952597, "x": -1.449546558073282, "angular_velocity": -1.1041850327628133}
{"linear_velocity": 0.5832885835328765, "datetime": "2021-09-29 12:20:29.621478", "walls": [], "theta": 0.015106401102730331, "y": 1.9599382700480523, "x": -0.9533338311271532, "angular_velocity": -0.9871247255448178}
{"linear_velocity": 0.6013530439865967, "datetime": "2021-09-29 12:20:30.621418", "walls": [], "theta": -0.42189130393048535, "y": 1.8189630542398418, "x": -0.3500762896710007, "angular_velocity": -0.4860929756815419}
{"linear_velocity": 0.5656073178293413, "datetime": "2021-09-29 12:20:31.621523", "walls": [], "theta": -0.5864335927568203, "y": 1.5279187165303163, "x": 0.17469027658490516, "angular_velocity": -0.21766324154977704}
{"linear_velocity": 0.4724542420156336, "datetime": "2021-09-29 12:20:32.621589", "walls": [], "theta": -0.6575231526870849, "y": 1.2670385881637904, "x": 0.5363714321130321, "angular_velocity": -0.10459904010541947}
{"linear_velocity": 0.37491974749468393, "datetime": "2021-09-29 12:20:33.661683", "walls": [], "theta": -0.7024337399759224, "y": 0.9906954617590991, "x": 0.8782529284790689, "angular_velocity": -0.04742549596578263}
{"linear_velocity": 0.3142322599187405, "datetime": "2021-09-29 12:20:34.621332", "walls": [], "theta": -0.7168664775464045, "y": 0.8115277849526794, "x": 1.0873208622858106, "angular_velocity": -0.024547089389301214}
{"linear_velocity": 0.24900450250332934, "datetime": "2021-09-29 12:20:35.621437", "walls": [], "theta": -0.7205996620193995, "y": 0.6287751991486807, "x": 1.296331206621315, "angular_velocity": -0.010309761024510535}
{"linear_velocity": 0.20234353782231243, "datetime": "2021-09-29 12:20:36.621658", "walls": [], "theta": -0.7277406851630793, "y": 0.4956796434633331, "x": 1.4471152145431976, "angular_velocity": -0.007952881047244651}
{"linear_velocity": 0.1648282291461277, "datetime": "2021-09-29 12:20:37.621534", "walls": [], "theta": -0.7351286262604593, "y": 0.3851146472404995, "x": 1.5695935624609485, "angular_velocity": -0.0009833505414190051}
{"linear_velocity": 0.13176942695250063, "datetime": "2021-09-29 12:20:38.621541", "walls": [], "theta": -0.7300864279205331, "y": 0.2869357467673128, "x": 1.6787784664594796, "angular_velocity": 0.002587276256576184}
{"linear_velocity": 0.10966344527015603, "datetime": "2021-09-29 12:20:39.621676", "walls": [], "theta": -0.7273876908090181, "y": 0.2193223528204345, "x": 1.7546975726517302, "angular_velocity": 0.00023191624876688332}
{"linear_velocity": 0.08742045846980802, "datetime": "2021-09-29 12:20:40.620696", "walls": [], "theta": -0.7275738821754012, "y": 0.1540499487627154, "x": 1.8279970974197044, "angular_velocity": -0.0014638022836526222}
{"linear_velocity": 0.07003436906932863, "datetime": "2021-09-29 12:20:41.621458", "walls": [], "theta": -0.7301720434103784, "y": 0.10783055690965042, "x": 1.879708846921661, "angular_velocity": -0.0017812835028758328}
{"linear_velocity": 0.05683968229939217, "datetime": "2021-09-29 12:20:42.621642", "walls": [], "theta": -0.7338750873342651, "y": 0.07195833666250363, "x": 1.919612526231714, "angular_velocity": -0.0008810328427955042}
{"linear_velocity": 0.4531004256875353, "datetime": "2021-09-29 12:20:43.699138", "walls": [], "theta": -1.3665997153325053, "y": -0.2141103982030572, "x": 2.120433253146962, "angular_velocity": -1.1066072543491865}
{"linear_velocity": 0.5748470199065402, "datetime": "2021-09-29 12:20:44.622107", "walls": [], "theta": -2.296094458844669, "y": -0.6844629682919839, "x": 1.9626564253727046, "angular_velocity": -1.0001573168890183}
{"linear_velocity": 0.6006357289252297, "datetime": "2021-09-29 12:20:45.620971", "walls": [], "theta": -2.7214711816088832, "y": -1.0216066014370093, "x": 1.4766199999423977, "angular_velocity": -0.5134061963226046}
{"linear_velocity": 0.5720919770854723, "datetime": "2021-09-29 12:20:46.621325", "walls": [], "theta": -2.9065625078687587, "y": -1.215266623646985, "x": 0.9041807376451639, "angular_velocity": -0.23728218529159423}
{"linear_velocity": 0.4645350515422753, "datetime": "2021-09-29 12:20:47.621181", "walls": [], "theta": -2.9855311873172323, "y": -1.3140135251393688, "x": 0.3947210151711363, "angular_velocity": -0.0992447978603027}
{"linear_velocity": 0.3746608590791558, "datetime": "2021-09-29 12:20:48.621401", "walls": [], "theta": -3.024678618603264, "y": -1.3672208354368953, "x": 0.0011151544053549483, "angular_velocity": -0.04744142565459631}
{"linear_velocity": 0.3102194574044479, "datetime": "2021-09-29 12:20:49.621519", "walls": [], "theta": -3.0429589713700866, "y": -1.3985120488787184, "x": -0.28821634799632173, "angular_velocity": -0.0261918696466767}
{"linear_velocity": 0.2546929412711986, "datetime": "2021-09-29 12:20:50.621487", "walls": [], "theta": -3.053557567928966, "y": -1.4214433438797647, "x": -0.528526587166677, "angular_velocity": -0.016014904586057834}
{"linear_velocity": 0.20301166896505032, "datetime": "2021-09-29 12:20:51.621506", "walls": [], "theta": -3.063346474251183, "y": -1.4407991948990166, "x": -0.7674512738761692, "angular_velocity": -0.0036467121785635054}
{"linear_velocity": 0.165247579350455, "datetime": "2021-09-29 12:20:52.621368", "walls": [], "theta": -3.063111851866219, "y": -1.453653677466226, "x": -0.9311893020780799, "angular_velocity": 0.00042029475821331634}
{"linear_velocity": 0.1325741282227037, "datetime": "2021-09-29 12:20:53.651387", "walls": [], "theta": -3.057509328116964, "y": -1.4649795480965326, "x": -1.069776170198283, "angular_velocity": 0.000885677354631037}
{"linear_velocity": 0.10713303708527047, "datetime": "2021-09-29 12:20:54.621433", "walls": [], "theta": -3.0592320999742397, "y": -1.4737066447981393, "x": -1.1757834711514823, "angular_velocity": -0.0005616172103685088}
{"linear_velocity": 0.08776125698310629, "datetime": "2021-09-29 12:20:55.621821", "walls": [], "theta": -3.064144618361827, "y": -1.4806773039536887, "x": -1.2631117667095741, "angular_velocity": -0.0008301222996181444}
{"linear_velocity": 0.0710462033729806, "datetime": "2021-09-29 12:20:56.621463", "walls": [], "theta": -3.0605319651338627, "y": -1.486652478726844, "x": -1.3381553387806644, "angular_velocity": 0.0013244314757651266}
{"linear_velocity": 0.05819875997097269, "datetime": "2021-09-29 12:20:57.621564", "walls": [], "theta": -3.0603160041776873, "y": -1.4908534403726752, "x": -1.3898160625247713, "angular_velocity": 0.0007272847680131387}
{"linear_velocity": 0.15179617323464065, "datetime": "2021-09-29 12:20:58.621217", "walls": [], "theta": -3.076060890551606, "y": -1.4935533765792721, "x": -1.4231947872563881, "angular_velocity": -0.40089595926743526}
{"linear_velocity": 0.15179617323464065, "datetime": "2021-09-29 12:20:59.621320", "walls": [], "theta": -3.076060890551606, "y": -1.4935533765792721, "x": -1.4231947872563881, "angular_velocity": -0.40089595926743526}
{"linear_velocity": 0.15179617323464065, "datetime": "2021-09-29 12:21:00.621255", "walls": [], "theta": -3.076060890551606, "y": -1.4935533765792721, "x": -1.4231947872563881, "angular_velocity": -0.40089595926743526}
{"linear_velocity": 0.15179617323464065, "datetime": "2021-09-29 12:21:01.621335", "walls": [], "theta": -3.076060890551606, "y": -1.4935533765792721, "x": -1.4231947872563881, "angular_velocity": -0.40089595926743526}
{"linear_velocity": 0.15179617323464065, "datetime": "2021-09-29 12:21:02.621398", "walls": [], "theta": -3.076060890551606, "y": -1.4935533765792721, "x": -1.4231947872563881, "angular_velocity": -0.40089595926743526}
{"linear_velocity": 0.15179617323464065, "datetime": "2021-09-29 12:21:03.638642", "walls": [], "theta": -3.076060890551606, "y": -1.4935533765792721, "x": -1.4231947872563881, "angular_velocity": -0.40089595926743526}
{"linear_velocity": 0.15179617323464065, "datetime": "2021-09-29 12:21:04.621412", "walls": [], "theta": -3.076060890551606, "y": -1.4935533765792721, "x": -1.4231947872563881, "angular_velocity": -0.40089595926743526}
{"linear_velocity": 0.15179617323464065, "datetime": "2021-09-29 12:21:05.621647", "walls": [], "theta": -3.076060890551606, "y": -1.4935533765792721, "x": -1.4231947872563881, "angular_velocity": -0.40089595926743526}
{"linear_velocity": 0.15179617323464065, "datetime": "2021-09-29 12:21:06.621370", "walls": [], "theta": -3.076060890551606, "y": -1.4935533765792721, "x": -1.4231947872563881, "angular_velocity": -0.40089595926743526}
{"linear_velocity": 0.15179617323464065, "datetime": "2021-09-29 12:21:07.621434", "walls": [], "theta": -3.076060890551606, "y": -1.4935533765792721, "x": -1.4231947872563881, "angular_velocity": -0.40089595926743526}
{"linear_velocity": 0.15179617323464065, "datetime": "2021-09-29 12:21:08.621322", "walls": [], "theta": -3.076060890551606, "y": -1.4935533765792721, "x": -1.4231947872563881, "angular_velocity": -0.40089595926743526}
