{"linear_velocity": 0, "datetime": "2021-09-29 12:14:49.602358", "walls": [[0.0, 0.0]], "theta": 0, "y": 0, "x": 0, "angular_velocity": 0}
{"linear_velocity": 7.630312424644601e-06, "datetime": "2021-09-29 12:14:50.506756", "walls": [], "theta": -1.2926601977574238e-05, "y": -1.6860032933169752e-05, "x": 0.00010047571469322348, "angular_velocity": -0.00029244121408394567}
{"linear_velocity": 7.608878936193399e-06, "datetime": "2021-09-29 12:14:51.506517", "walls": [], "theta": -3.303494047097487e-06, "y": -1.918289281759383e-05, "x": 0.00011438047922289918, "angular_velocity": -7.015906685528876e-05}
{"linear_velocity": 7.585223700352492e-06, "datetime": "2021-09-29 12:14:52.506482", "walls": [], "theta": -6.920381935789537e-07, "y": -2.1638719984668712e-05, "x": 0.0001290781627378782, "angular_velocity": -1.4633378041146444e-05}
{"linear_velocity": 7.6080871391192005e-06, "datetime": "2021-09-29 12:14:53.506579", "walls": [], "theta": -1.440697780595324e-07, "y": -2.3980846867957336e-05, "x": 0.00014309245895171023, "angular_velocity": -3.0455168765846396e-06}
{"linear_velocity": 7.642235215597612e-06, "datetime": "2021-09-29 12:14:54.506735", "walls": [], "theta": -2.689871825057416e-08, "y": -2.6436731815548487e-05, "x": 0.00015778539982561846, "angular_velocity": -5.727517409901777e-07}
{"linear_velocity": 0.30566442267157135, "datetime": "2021-09-29 12:14:55.505963", "walls": [], "theta": -0.0020148057936304523, "y": -0.0005579617566760222, "x": 0.2417188290255237, "angular_velocity": 0.0004307422322816247}
{"linear_velocity": 0.34101905430497853, "datetime": "2021-09-29 12:14:56.506143", "walls": [], "theta": 0.0021322834998624527, "y": 4.543672405140108e-05, "x": 0.6005984272574773, "angular_velocity": 8.816582624818752e-05}
{"linear_velocity": 0.28361391239776285, "datetime": "2021-09-29 12:14:57.506020", "walls": [], "theta": 0.0024685648198972438, "y": 0.0008304675819386484, "x": 0.9024999032290817, "angular_velocity": -0.0014080378984442515}
{"linear_velocity": 0.2300169629418458, "datetime": "2021-09-29 12:14:58.506864", "walls": [], "theta": 0.0016513563372121064, "y": 0.0012222959550847667, "x": 1.131288638706586, "angular_velocity": -0.0018170537220888881}
{"linear_velocity": 0.1845680669498872, "datetime": "2021-09-29 12:14:59.506281", "walls": [], "theta": -0.00048255905792220645, "y": 0.001274991727965665, "x": 1.3262310111942939, "angular_velocity": -0.0014217944929469863}
{"linear_velocity": 0.15138640803549475, "datetime": "2021-09-29 12:15:00.505742", "walls": [], "theta": -0.0005741977703265952, "y": 0.001174814327548541, "x": 1.4772553160161805, "angular_velocity": -0.0009599585896637042}
{"linear_velocity": 0.12292372739333782, "datetime": "2021-09-29 12:15:01.505747", "walls": [], "theta": -0.004441926342712991, "y": 0.0009856304398953143, "x": 1.5997413008267793, "angular_velocity": -0.0020133001289669166}
{"linear_velocity": 0.10046642837227351, "datetime": "2021-09-29 12:15:02.505891", "walls": [], "theta": -0.0041467882230581425, "y": 0.0005283063481493731, "x": 1.7063641846547917, "angular_velocity": 0.0006677380029684329}
{"linear_velocity": 0.08311258874676154, "datetime": "2021-09-29 12:15:03.506100", "walls": [], "theta": -0.003817051975735524, "y": 0.00018647081527596465, "x": 1.7887528681897513, "angular_velocity": 0.0015816963681287753}
{"linear_velocity": 0.06741197786911665, "datetime": "2021-09-29 12:15:04.505811", "walls": [], "theta": -0.0015676579169537717, "y": 8.115062789818422e-05, "x": 1.8548008843899466, "angular_velocity": 0.0007172264420105411}
{"linear_velocity": 0.11523522058494173, "datetime": "2021-09-29 12:15:05.506058", "walls": [], "theta": -0.012613628106386549, "y": -3.666958820784188e-06, "x": 1.9120867781682758, "angular_velocity": -0.3369871856273724}
{"linear_velocity": 0.5047770549021001, "datetime": "2021-09-29 12:15:06.506493", "walls": [], "theta": -1.2332855643488416, "y": -0.21475808519268155, "x": 2.2695301600611204, "angular_velocity": -1.5481125004787981}
{"linear_velocity": 0.5952616163342996, "datetime": "2021-09-29 12:15:07.506374", "walls": [], "theta": -2.2980440882078885, "y": -0.7974246795521401, "x": 2.0998089501007606, "angular_velocity": -0.9979634340889763}
{"linear_velocity": 0.5995380506003694, "datetime": "2021-09-29 12:15:08.509668", "walls": [], "theta": -2.6795579044023934, "y": -1.1474320907642075, "x": 1.6289123579158349, "angular_velocity": -0.4817539561826211}
{"linear_velocity": 0.6021026726416522, "datetime": "2021-09-29 12:15:09.506568", "walls": [], "theta": -2.837997178273166, "y": -1.3662707151462665, "x": 1.079001909320885, "angular_velocity": -0.21446690274692057}
{"linear_velocity": 0.5840692906936478, "datetime": "2021-09-29 12:15:10.506001", "walls": [], "theta": -2.8996079672370207, "y": -1.5339754178845522, "x": 0.49064396995037735, "angular_velocity": -0.09821517740446989}
{"linear_velocity": 0.48710873745112226, "datetime": "2021-09-29 12:15:11.506903", "walls": [], "theta": -2.945130920917141, "y": -1.6461081784232576, "x": -0.012234537110003727, "angular_velocity": -0.04899246322858929}
{"linear_velocity": 0.40341599336901196, "datetime": "2021-09-29 12:15:12.506688", "walls": [], "theta": -2.9571690191068405, "y": -1.7171555717043059, "x": -0.3845313899083139, "angular_velocity": -0.019851410794920844}
{"linear_velocity": 0.32023517747153774, "datetime": "2021-09-29 12:15:13.506487", "walls": [], "theta": -2.9641390402546715, "y": -1.7823515937155268, "x": -0.7370261553058929, "angular_velocity": -0.011037889660695731}
{"linear_velocity": 0.2637594285187367, "datetime": "2021-09-29 12:15:14.505986", "walls": [], "theta": -2.965972778862483, "y": -1.8288334692146373, "x": -0.9961156674658572, "angular_velocity": -0.0069019573704698035}
{"linear_velocity": 0.21353549812849454, "datetime": "2021-09-29 12:15:15.505945", "walls": [], "theta": -2.9689803398839487, "y": -1.8681065730662447, "x": -1.218109235847833, "angular_velocity": -0.0060283151262813545}
{"linear_velocity": 0.1738739093981971, "datetime": "2021-09-29 12:15:16.506085", "walls": [], "theta": -2.9706123395774107, "y": -1.8973887997583485, "x": -1.3876112650181243, "angular_velocity": -0.003718078566417967}
{"linear_velocity": 0.1421666754715841, "datetime": "2021-09-29 12:15:17.505785", "walls": [], "theta": -2.9703272934118723, "y": -1.9215370856546474, "x": -1.5273527253523447, "angular_velocity": -0.003387104370666919}
{"linear_velocity": 0.1173713941126416, "datetime": "2021-09-29 12:15:18.508135", "walls": [], "theta": -2.9772512999608147, "y": -1.9399032521891704, "x": -1.6358909098338545, "angular_velocity": -0.0040033788503267735}
{"linear_velocity": 0.09290016065663984, "datetime": "2021-09-29 12:15:19.506034", "walls": [], "theta": -2.976866753832711, "y": -1.956866283204375, "x": -1.7378679099728682, "angular_velocity": -0.0014147639110129305}
{"linear_velocity": 0.07504154454321249, "datetime": "2021-09-29 12:15:20.505763", "walls": [], "theta": -2.9766735490994587, "y": -1.969966878255981, "x": -1.8165971206171911, "angular_velocity": -0.0012210781440355563}
{"linear_velocity": 0.06267772011644915, "datetime": "2021-09-29 12:15:21.506397", "walls": [], "theta": -2.98286435201696, "y": -1.9796666200896025, "x": -1.87534407533166, "angular_velocity": -0.003711175892873989}
{"linear_velocity": 0.2844511837385703, "datetime": "2021-09-29 12:15:22.505799", "walls": [], "theta": -3.093934108723875, "y": -2.000531754743024, "x": -2.0268776092737193, "angular_velocity": -0.7539977780681831}
{"linear_velocity": 0.5613502780007894, "datetime": "2021-09-29 12:15:23.505849", "walls": [], "theta": 1.8734972583506961, "y": -1.668435196786704, "x": -2.4388160947628887, "angular_velocity": -1.1815676832912538}
{"linear_velocity": 0.5976800747340278, "datetime": "2021-09-29 12:15:24.506216", "walls": [], "theta": 1.2359003453248272, "y": -1.0231938341886855, "x": -2.396786877796547, "angular_velocity": -0.6212235306812076}
{"linear_velocity": 0.602330256312322, "datetime": "2021-09-29 12:15:25.505970", "walls": [], "theta": 1.0075189690842832, "y": -0.4921256315722947, "x": -2.1359015475579546, "angular_velocity": -0.2959795224664732}
{"linear_velocity": 0.5949315905663123, "datetime": "2021-09-29 12:15:26.505978", "walls": [], "theta": 0.928449433865125, "y": -0.011530208941509454, "x": -1.8023657207066226, "angular_velocity": -0.13381985832942841}
{"linear_velocity": 0.5220575887687777, "datetime": "2021-09-29 12:15:27.506446", "walls": [], "theta": 0.8692669303802908, "y": 0.40049300159726087, "x": -1.4733316823909788, "angular_velocity": -0.0726471411331379}
{"linear_velocity": 0.42609876126876295, "datetime": "2021-09-29 12:15:28.510287", "walls": [], "theta": 0.8438508441505028, "y": 0.7404806672423139, "x": -1.18095830505518, "angular_velocity": -0.04096031355519318}
{"linear_velocity": 0.3494579386415339, "datetime": "2021-09-29 12:15:29.506144", "walls": [], "theta": 0.8278192896531754, "y": 0.9826936805294955, "x": -0.9620904089041705, "angular_velocity": -0.023644288072209422}
{"linear_velocity": 0.2837444786616008, "datetime": "2021-09-29 12:15:30.505896", "walls": [], "theta": 0.8116553086305345, "y": 1.201186632065714, "x": -0.7564145848482194, "angular_velocity": -0.008094975424800931}
{"linear_velocity": 0.2298652617721266, "datetime": "2021-09-29 12:15:31.506490", "walls": [], "theta": 0.8119511623516827, "y": 1.3662617997513768, "x": -0.5999176071403968, "angular_velocity": -0.0016447811955464515}
{"linear_velocity": 0.18439126035483508, "datetime": "2021-09-29 12:15:32.506038", "walls": [], "theta": 0.8125004768002135, "y": 1.515656712872821, "x": -0.4583201876500236, "angular_velocity": -0.00010342843959332034}
{"linear_velocity": 0.15070692837044783, "datetime": "2021-09-29 12:15:33.506487", "walls": [], "theta": 0.8118726083649579, "y": 1.6248174891547926, "x": -0.3548429066228148, "angular_velocity": -0.00016809779392507678}
{"linear_velocity": 0.12229979289727536, "datetime": "2021-09-29 12:15:34.506711", "walls": [], "theta": 0.8121833367477977, "y": 1.7133752542729315, "x": -0.2709002415719107, "angular_velocity": 0.00030445873226368227}
{"linear_velocity": 0.09997414375696904, "datetime": "2021-09-29 12:15:35.505871", "walls": [], "theta": 0.8119645388810915, "y": 1.7899078440793788, "x": -0.19834693022317285, "angular_velocity": 0.0007461290565498376}
{"linear_velocity": 0.0818825629884922, "datetime": "2021-09-29 12:15:36.505970", "walls": [], "theta": 0.8139426595600936, "y": 1.8486175306897699, "x": -0.1427080564936491, "angular_velocity": 0.002053089289460526}
{"linear_velocity": 0.06736993661014505, "datetime": "2021-09-29 12:15:37.505923", "walls": [], "theta": 0.8173892683427207, "y": 1.8969957062750942, "x": -0.0973170548794103, "angular_velocity": -0.0005475451827271142}
{"linear_velocity": 0.1354761431210469, "datetime": "2021-09-29 12:15:38.520054", "walls": [], "theta": 0.8017427566786443, "y": 1.9413259812166277, "x": -0.05562792780727139, "angular_velocity": -0.3862160909076901}
{"linear_velocity": 0.5221095940161669, "datetime": "2021-09-29 12:15:39.506885", "walls": [], "theta": -0.41125061105667865, "y": 2.0582505872420707, "x": 0.39898117715422793, "angular_velocity": -1.3617020050506348}
{"linear_velocity": 0.5944732659130301, "datetime": "2021-09-29 12:15:40.505934", "walls": [], "theta": -1.299206249739986, "y": 1.5697714050633171, "x": 0.7697265586257851, "angular_velocity": -0.8512906575282604}
{"linear_velocity": 0.6031786064911117, "datetime": "2021-09-29 12:15:41.505992", "walls": [], "theta": -1.6227009033819935, "y": 0.9809732785731655, "x": 0.8260238729939563, "angular_velocity": -0.41697468967961804}
{"linear_velocity": 0.5783446798356935, "datetime": "2021-09-29 12:15:42.506022", "walls": [], "theta": -1.781654016795823, "y": 0.3785795580673533, "x": 0.7454674662255429, "angular_velocity": -0.1923624291846644}
{"linear_velocity": 0.4918435735479, "datetime": "2021-09-29 12:15:43.505729", "walls": [], "theta": -1.8487749760079195, "y": -0.07083215695150868, "x": 0.6333419069820716, "angular_velocity": -0.09219074237687634}
{"linear_velocity": 0.39140801033336176, "datetime": "2021-09-29 12:15:44.506565", "walls": [], "theta": -1.8788225245097023, "y": -0.488678317685101, "x": 0.5062304376259837, "angular_velocity": -0.03420467267247126}
{"linear_velocity": 0.32321544176275846, "datetime": "2021-09-29 12:15:45.506700", "walls": [], "theta": -1.8885088823700946, "y": -0.7785110918494628, "x": 0.4124795424875188, "angular_velocity": -0.015596276951828168}
{"linear_velocity": 0.2614936365641237, "datetime": "2021-09-29 12:15:46.505867", "walls": [], "theta": -1.8925847893779975, "y": -1.041822263742585, "x": 0.32516323474570347, "angular_velocity": -0.006810696787621763}
{"linear_velocity": 0.21149451150921006, "datetime": "2021-09-29 12:15:47.505793", "walls": [], "theta": -1.8982621567724896, "y": -1.2534404387138072, "x": 0.25357677292138814, "angular_velocity": -0.002659632859032713}
{"linear_velocity": 0.172465716953682, "datetime": "2021-09-29 12:15:48.518381", "walls": [], "theta": -1.8979770886287, "y": -1.4165691259525008, "x": 0.19818889183611887, "angular_velocity": -0.0004833160861762066}
{"linear_velocity": 0.13913218583848344, "datetime": "2021-09-29 12:15:49.505867", "walls": [], "theta": -1.8980467199477047, "y": -1.5554286675107258, "x": 0.1510426119813008, "angular_velocity": -0.00011388875682671835}
{"linear_velocity": 0.11465961242377685, "datetime": "2021-09-29 12:15:50.505780", "walls": [], "theta": -1.8980551109721198, "y": -1.6644793715780786, "x": 0.11400854670235377, "angular_velocity": -1.8755263442504325e-05}
{"linear_velocity": 0.09327806963674946, "datetime": "2021-09-29 12:15:51.506464", "walls": [], "theta": -1.8979184651132839, "y": -1.7469815726477897, "x": 0.08600065629275369, "angular_velocity": 4.656768085778808e-05}
{"linear_velocity": 0.07493729516330298, "datetime": "2021-09-29 12:15:52.506095", "walls": [], "theta": -1.898159634575256, "y": -1.82657314795955, "x": 0.05898662914315443, "angular_velocity": -0.00013912669796175867}
{"linear_velocity": 0.0618295186462204, "datetime": "2021-09-29 12:15:53.505988", "walls": [], "theta": -1.8977174101340262, "y": -1.8852277286250303, "x": 0.039083051927786196, "angular_velocity": 0.00012402281275970996}
{"linear_velocity": 0.3077399866965122, "datetime": "2021-09-29 12:15:54.505862", "walls": [], "theta": -2.073718009996002, "y": -2.0444443010144617, "x": -0.022561886129038897, "angular_velocity": -0.8778834181636844}
{"linear_velocity": 0.5706027389157433, "datetime": "2021-09-29 12:15:55.505746", "walls": [], "theta": 2.7407931751558134, "y": -2.171845974823607, "x": -0.5641545212937559, "angular_velocity": -1.2083397431738143}
{"linear_velocity": 0.5975899195235286, "datetime": "2021-09-29 12:15:56.505503", "walls": [], "theta": 2.179915289896433, "y": -1.7895589805051646, "x": -1.008741097689865, "angular_velocity": -0.657929403766993}
{"linear_velocity": 0.5997994965300415, "datetime": "2021-09-29 12:15:57.506486", "walls": [], "theta": 1.9344310671459828, "y": -1.2389927946600638, "x": -1.2927606542513062, "angular_velocity": -0.2990955729563489}
{"linear_velocity": 0.6004650165529738, "datetime": "2021-09-29 12:15:58.521669", "walls": [], "theta": 1.8479701826405504, "y": -0.6774887580444753, "x": -1.4753980640226598, "angular_velocity": -0.13494713455760612}
{"linear_velocity": 0.5238384177882437, "datetime": "2021-09-29 12:15:59.505756", "walls": [], "theta": 1.797874760009163, "y": -0.16533453375121063, "x": -1.6072104435147752, "angular_velocity": -0.07185830916647083}
{"linear_velocity": 0.42680673176585565, "datetime": "2021-09-29 12:16:00.506261", "walls": [], "theta": 1.7664294473854092, "y": 0.2775000148292673, "x": -1.701636523367292, "angular_velocity": -0.037959577972273444}
{"linear_velocity": 0.3495038900120567, "datetime": "2021-09-29 12:16:01.506245", "walls": [], "theta": 1.7546566967285713, "y": 0.6199294762838458, "x": -1.7674162732102814, "angular_velocity": -0.021216717423067143}
{"linear_velocity": 0.28282516020268816, "datetime": "2021-09-29 12:16:02.506060", "walls": [], "theta": 1.7370319030514085, "y": 0.9133614537541213, "x": -1.8190313996948637, "angular_velocity": -0.012223581194744062}
{"linear_velocity": 0.22860910592087963, "datetime": "2021-09-29 12:16:03.506496", "walls": [], "theta": 1.7376851807529448, "y": 1.1394403266958326, "x": -1.856866979451058, "angular_velocity": -0.0022483532573727492}
{"linear_velocity": 0.18760612641379376, "datetime": "2021-09-29 12:16:04.505702", "walls": [], "theta": 1.734312246059615, "y": 1.3243391502980282, "x": -1.8879121196133675, "angular_velocity": -0.002839593875477449}
{"linear_velocity": 0.1520456432485012, "datetime": "2021-09-29 12:16:05.506003", "walls": [], "theta": 1.7377533197377404, "y": 1.4829205904107283, "x": -1.914254680481664, "angular_velocity": 0.00023992385474685637}
{"linear_velocity": 0.12398570596821881, "datetime": "2021-09-29 12:16:06.506444", "walls": [], "theta": 1.7343029593901926, "y": 1.6045343108007293, "x": -1.9343996375716384, "angular_velocity": -0.0006577919612116457}
{"linear_velocity": 0.10033869514366155, "datetime": "2021-09-29 12:16:07.506331", "walls": [], "theta": 1.7345448639544163, "y": 1.7090731374859425, "x": -1.9516537542476453, "angular_velocity": -5.067414927613115e-05}
{"linear_velocity": 0.08305671849437063, "datetime": "2021-09-29 12:16:08.518710", "walls": [], "theta": 1.7344493408058033, "y": 1.785590785460523, "x": -1.9642925528553534, "angular_velocity": 4.230029816652214e-05}
{"linear_velocity": 0.06754543245554584, "datetime": "2021-09-29 12:16:09.505770", "walls": [], "theta": 1.7344050906967103, "y": 1.855505209214412, "x": -1.9758410966548179, "angular_velocity": 0.00040018097194615776}
{"linear_velocity": 0.07630483186492085, "datetime": "2021-09-29 12:16:10.505951", "walls": [], "theta": 1.7337196986613093, "y": 1.9050490126289588, "x": -1.984091441527042, "angular_velocity": -0.09533231827004118}
{"linear_velocity": 0.5129846164808133, "datetime": "2021-09-29 12:16:11.506354", "walls": [], "theta": 0.6623783960148227, "y": 2.3397504965328824, "x": -1.8506273754843894, "angular_velocity": -1.277300887563658}
{"linear_velocity": 0.5953236049959031, "datetime": "2021-09-29 12:16:12.505739", "walls": [], "theta": -0.18753418413850204, "y": 2.440367978608806, "x": -1.2442342449089472, "angular_velocity": -0.8047798020075815}
{"linear_velocity": 0.5977129326569701, "datetime": "2021-09-29 12:16:13.505796", "walls": [], "theta": -0.4962587771622601, "y": 2.237910444904614, "x": -0.6928806553825428, "angular_velocity": -0.39401060644810665}
{"linear_velocity": 0.6017160930816337, "datetime": "2021-09-29 12:16:14.506575", "walls": [], "theta": -0.6221914718822937, "y": 1.9198541038257424, "x": -0.19499967516022204, "angular_velocity": -0.17448916123163305}
{"linear_velocity": 0.5516411899941893, "datetime": "2021-09-29 12:16:15.506681", "walls": [], "theta": -0.6857409599890988, "y": 1.5630937425028193, "x": 0.27333205071458827, "angular_velocity": -0.08643317938117577}
{"linear_velocity": 0.45469462351967116, "datetime": "2021-09-29 12:16:16.506369", "walls": [], "theta": -0.7109766572000884, "y": 1.271250371879584, "x": 0.6217271871516091, "angular_velocity": -0.04564475886001428}
{"linear_velocity": 0.36859761207897956, "datetime": "2021-09-29 12:16:17.506435", "walls": [], "theta": -0.7342040906217531, "y": 1.012746799110004, "x": 0.914485852972036, "angular_velocity": -0.026426188858887773}
{"linear_velocity": 0.30196671793773483, "datetime": "2021-09-29 12:16:18.524587", "walls": [], "theta": -0.7491217357006722, "y": 0.8098256004256921, "x": 1.135746441124236, "angular_velocity": -0.013905219022624156}
{"linear_velocity": 0.24474770723092742, "datetime": "2021-09-29 12:16:19.506386", "walls": [], "theta": -0.7524200523051029, "y": 0.6435481190421357, "x": 1.3135415162308741, "angular_velocity": -0.00355000751310297}
{"linear_velocity": 0.19824035055989062, "datetime": "2021-09-29 12:16:20.506415", "walls": [], "theta": -0.7517650231962202, "y": 0.49991118854656774, "x": 1.4670452967261618, "angular_velocity": -0.0006492806983258233}
{"linear_velocity": 0.16446776270394073, "datetime": "2021-09-29 12:16:21.506551", "walls": [], "theta": -0.7519903333443484, "y": 0.39476043700746943, "x": 1.579494683417433, "angular_velocity": -0.0010984304829104433}
{"linear_velocity": 0.13181703387099522, "datetime": "2021-09-29 12:16:22.505998", "walls": [], "theta": -0.7514313181945572, "y": 0.2938355098576763, "x": 1.6873907166605042, "angular_velocity": -0.0008702633730860421}
{"linear_velocity": 0.10862217241518762, "datetime": "2021-09-29 12:16:23.505827", "walls": [], "theta": -0.7518567700598028, "y": 0.2241492768384609, "x": 1.7619193568878713, "angular_velocity": -0.0014537848901675582}
{"linear_velocity": 0.08715764834898126, "datetime": "2021-09-29 12:16:24.505966", "walls": [], "theta": -0.7514642467992385, "y": 0.16179658784344722, "x": 1.8286114105066178, "angular_velocity": -0.0019341140299049056}
{"linear_velocity": 0.07031444203890518, "datetime": "2021-09-29 12:16:25.506576", "walls": [], "theta": -0.7529190006382, "y": 0.11089418449362513, "x": 1.8829898281192605, "angular_velocity": -0.0022574440330986405}
{"linear_velocity": 0.05665855130774326, "datetime": "2021-09-29 12:16:26.506378", "walls": [], "theta": -0.7579541437187297, "y": 0.0722664921995086, "x": 1.9239676690813412, "angular_velocity": -0.0025746174414958923}
{"linear_velocity": 0.4586543959094947, "datetime": "2021-09-29 12:16:27.506431", "walls": [], "theta": -1.4027071031730547, "y": -0.22693294076021195, "x": 2.1165326288405737, "angular_velocity": -1.049037417000195}
{"linear_velocity": 0.5786275284012509, "datetime": "2021-09-29 12:16:28.532855", "walls": [], "theta": -2.322000452081489, "y": -0.775184008526569, "x": 1.9059875806521336, "angular_velocity": -0.8313827516594474}
{"linear_velocity": 0.597662014369157, "datetime": "2021-09-29 12:16:29.505980", "walls": [], "theta": -2.6716618932471765, "y": -1.1184947129711782, "x": 1.4304286648134932, "angular_velocity": -0.4240325698372393}
{"linear_velocity": 0.5996570474840565, "datetime": "2021-09-29 12:16:30.506324", "walls": [], "theta": -2.82080254447179, "y": -1.353054547796904, "x": 0.8560970292234074, "angular_velocity": -0.18577534195995396}
{"linear_velocity": 0.5623177926075111, "datetime": "2021-09-29 12:16:31.506352", "walls": [], "theta": -2.8804335946374495, "y": -1.5165830926589416, "x": 0.31706504942793245, "angular_velocity": -0.09428571510924869}
{"linear_velocity": 0.4585257801617588, "datetime": "2021-09-29 12:16:32.506516", "walls": [], "theta": -2.9220086893805095, "y": -1.6320315246841894, "x": -0.15497303620703948, "angular_velocity": -0.04675795981149249}
{"linear_velocity": 0.37001963490689366, "datetime": "2021-09-29 12:16:33.506571", "walls": [], "theta": -2.9341686252651287, "y": -1.710227723080015, "x": -0.5178702267035162, "angular_velocity": -0.020017827621522925}
{"linear_velocity": 0.3047610415758364, "datetime": "2021-09-29 12:16:34.509544", "walls": [], "theta": -2.9425883889741717, "y": -1.7719166646175764, "x": -0.8152608586572634, "angular_velocity": -0.013024453684191277}
{"linear_velocity": 0.24720225491743902, "datetime": "2021-09-29 12:16:35.505756", "walls": [], "theta": -2.945288590238785, "y": -1.8232001170812995, "x": -1.071343219772657, "angular_velocity": -0.00725629905337652}
{"linear_velocity": 0.20134207242124044, "datetime": "2021-09-29 12:16:36.506121", "walls": [], "theta": -2.9524618041021866, "y": -1.861300402903018, "x": -1.2660343244158134, "angular_velocity": -0.006267887989360685}
{"linear_velocity": 0.16336576242443823, "datetime": "2021-09-29 12:16:37.506044", "walls": [], "theta": -2.952586958228979, "y": -1.893846974318591, "x": -1.4361277931642558, "angular_velocity": -0.002456134972387443}
{"linear_velocity": 0.13167107581006146, "datetime": "2021-09-29 12:16:38.516148", "walls": [], "theta": -2.9526788200075176, "y": -1.918888875777523, "x": -1.5669564838594774, "angular_velocity": -0.0022239011549116624}
{"linear_velocity": 0.1068384698108655, "datetime": "2021-09-29 12:16:39.506294", "walls": [], "theta": -2.9562515765488433, "y": -1.939827901230947, "x": -1.6770811717730698, "angular_velocity": -0.003037821266012964}
{"linear_velocity": 0.08730102495144006, "datetime": "2021-09-29 12:16:40.506353", "walls": [], "theta": -2.9563186732051014, "y": -1.9559172828140456, "x": -1.7628229507130506, "angular_velocity": -0.001358012939347505}
{"linear_velocity": 0.071578884288931, "datetime": "2021-09-29 12:16:41.506361", "walls": [], "theta": -2.9585286225594496, "y": -1.9689992709294617, "x": -1.8331602351482081, "angular_velocity": -0.0009227714850057511}
{"linear_velocity": 0.057297635769405234, "datetime": "2021-09-29 12:16:42.506520", "walls": [], "theta": -2.9585046444299548, "y": -1.9800859613722654, "x": -1.8930724434814092, "angular_velocity": 0.0002363455592878971}
{"linear_velocity": 0.4091381727049314, "datetime": "2021-09-29 12:16:43.506574", "walls": [], "theta": 2.8003183066143684, "y": -1.9811039619071227, "x": -2.17656626603114, "angular_velocity": -1.1048205430547047}
{"linear_velocity": 0.5831909475210488, "datetime": "2021-09-29 12:16:44.506007", "walls": [], "theta": 1.6065639264123164, "y": -1.4798317051965288, "x": -2.466086845507527, "angular_velocity": -1.0274850140854865}
{"linear_velocity": 0.6015005010577118, "datetime": "2021-09-29 12:16:45.505980", "walls": [], "theta": 1.1491392908405347, "y": -0.8763862618013654, "x": -2.3315058753178795, "angular_velocity": -0.5120264044941496}
{"linear_velocity": 0.6022438339144374, "datetime": "2021-09-29 12:16:46.505997", "walls": [], "theta": 0.9637357460500185, "y": -0.3654970421131736, "x": -2.0406482392781067, "angular_velocity": -0.24044987375716628}
{"linear_velocity": 0.5791969502472477, "datetime": "2021-09-29 12:16:47.506045", "walls": [], "theta": 0.8964076079526366, "y": 0.1257572489888972, "x": -1.678925130108091, "angular_velocity": -0.10657833542607949}
{"linear_velocity": 0.48664958719929163, "datetime": "2021-09-29 12:16:48.512314", "walls": [], "theta": 0.8612796088075402, "y": 0.5063724740298923, "x": -1.3636512336068185, "angular_velocity": -0.052124032361019486}
{"linear_velocity": 0.4000228254055749, "datetime": "2021-09-29 12:16:49.506252", "walls": [], "theta": 0.8295080618068608, "y": 0.8057078399570495, "x": -1.0975508250645856, "angular_velocity": -0.02530798096217262}
{"linear_velocity": 0.3231266649475327, "datetime": "2021-09-29 12:16:50.506068", "walls": [], "theta": 0.8253771484742115, "y": 1.057488918450641, "x": -0.8669820166329303, "angular_velocity": -0.007390207576862049}
{"linear_velocity": 0.2651013702788192, "datetime": "2021-09-29 12:16:51.506036", "walls": [], "theta": 0.8257282201664651, "y": 1.250693306407124, "x": -0.6887899227247403, "angular_velocity": -0.0009497577198727705}
{"linear_velocity": 0.21440480788116445, "datetime": "2021-09-29 12:16:52.505893", "walls": [], "theta": 0.828673310747979, "y": 1.407175505228437, "x": -0.5447051267286043, "angular_velocity": 0.001190987534399459}
{"linear_velocity": 0.16948985328195068, "datetime": "2021-09-29 12:16:53.506388", "walls": [], "theta": 0.8288027069337676, "y": 1.5431677311253824, "x": -0.42001881473791663, "angular_velocity": -0.0005660136639222271}
{"linear_velocity": 0.1413807961112537, "datetime": "2021-09-29 12:16:54.505749", "walls": [], "theta": 0.8288824995671948, "y": 1.6478608137358257, "x": -0.3240374799165132, "angular_velocity": -0.0008204885745667633}
{"linear_velocity": 0.11530579381126121, "datetime": "2021-09-29 12:16:55.505958", "walls": [], "theta": 0.8274983290298892, "y": 1.737431122927257, "x": -0.2419283177034588, "angular_velocity": -0.001758062400314524}
{"linear_velocity": 0.09363111428909449, "datetime": "2021-09-29 12:16:56.506580", "walls": [], "theta": 0.8251533399410882, "y": 1.8051274321361128, "x": -0.17940723442919573, "angular_velocity": -0.0001608900436271733}
{"linear_velocity": 0.07496504793005095, "datetime": "2021-09-29 12:16:57.506307", "walls": [], "theta": 0.825139604428374, "y": 1.8634854698780927, "x": -0.12551818231943287, "angular_velocity": 0.0006815875088922216}
{"linear_velocity": 0.06103590179282415, "datetime": "2021-09-29 12:16:58.518128", "walls": [], "theta": 0.8278100721384599, "y": 1.9094393814467612, "x": -0.08313555042679525, "angular_velocity": 0.00178682449413767}
{"linear_velocity": 0.2764078072033717, "datetime": "2021-09-29 12:16:59.505968", "walls": [], "theta": 0.724868972995806, "y": 2.008768699449384, "x": 0.011756347781780193, "angular_velocity": -0.8153661746718254}
{"linear_velocity": 0.5667278797579501, "datetime": "2021-09-29 12:17:00.505862", "walls": [], "theta": -0.8247012450604122, "y": 1.9297774260321319, "x": 0.5733421639683012, "angular_velocity": -1.2481914696351994}
{"linear_velocity": 0.6029905949246185, "datetime": "2021-09-29 12:17:01.506031", "walls": [], "theta": -1.4238872240566394, "y": 1.3891058852870888, "x": 0.8104407652018513, "angular_velocity": -0.699838764352436}
{"linear_velocity": 0.602905013018421, "datetime": "2021-09-29 12:17:02.505854", "walls": [], "theta": -1.7017332128301024, "y": 0.7703266161158525, "x": 0.8070788640891791, "angular_velocity": -0.3227734379036491}
{"linear_velocity": 0.5482015351879547, "datetime": "2021-09-29 12:17:03.506960", "walls": [], "theta": -1.8178123713252126, "y": 0.2215656264647789, "x": 0.6967751792274224, "angular_velocity": -0.1364723100151982}
{"linear_velocity": 0.4506355226834254, "datetime": "2021-09-29 12:17:04.505983", "walls": [], "theta": -1.8546033976718357, "y": -0.23894182133334319, "x": 0.571037611947562, "angular_velocity": -0.0543851413413011}
{"linear_velocity": 0.3701238568918702, "datetime": "2021-09-29 12:17:05.505806", "walls": [], "theta": -1.8751532629832475, "y": -0.5933563446294609, "x": 0.4638578225561689, "angular_velocity": -0.027345280387658474}
{"linear_velocity": 0.30293421153291916, "datetime": "2021-09-29 12:17:06.505844", "walls": [], "theta": -1.8878470189019323, "y": -0.8797606401403656, "x": 0.37171594002282504, "angular_velocity": -0.012715980111188192}
{"linear_velocity": 0.2424606387760499, "datetime": "2021-09-29 12:17:07.506333", "walls": [], "theta": -1.8909661703606888, "y": -1.1228999107750088, "x": 0.29146362061900144, "angular_velocity": -0.0035332867976873746}
{"linear_velocity": 0.1946553436296204, "datetime": "2021-09-29 12:17:08.533886", "walls": [], "theta": -1.8906229771356484, "y": -1.319784037532496, "x": 0.22618618513429967, "angular_velocity": -0.0005626013758184272}
{"linear_velocity": 0.15936904699253765, "datetime": "2021-09-29 12:17:09.506602", "walls": [], "theta": -1.8904973078440563, "y": -1.4697256372936558, "x": 0.1764824924920559, "angular_velocity": -0.00035168293022248874}
{"linear_velocity": 0.13078684700609033, "datetime": "2021-09-29 12:17:10.505896", "walls": [], "theta": -1.8906374153393386, "y": -1.5933978316031798, "x": 0.13551219759211233, "angular_velocity": -0.0008048453387999341}
{"linear_velocity": 0.10646038655654547, "datetime": "2021-09-29 12:17:11.506003", "walls": [], "theta": -1.8909562992382996, "y": -1.6933777615867558, "x": 0.10238822976843734, "angular_velocity": -0.0012165809984715768}
{"linear_velocity": 0.08503654460325198, "datetime": "2021-09-29 12:17:12.506060", "walls": [], "theta": -1.8904089392098256, "y": -1.783310939098379, "x": 0.07261489102825223, "angular_velocity": -0.0015241592982561424}
{"linear_velocity": 0.06915961552449983, "datetime": "2021-09-29 12:17:13.505777", "walls": [], "theta": -1.8994515055247467, "y": -1.8460619357661094, "x": 0.051391803806087946, "angular_velocity": -0.00031785020483115215}
{"linear_velocity": 0.056507440752719115, "datetime": "2021-09-29 12:17:14.505757", "walls": [], "theta": -1.892880653808363, "y": -1.8999826269848712, "x": 0.03324424968364675, "angular_velocity": 0.0028358306069552084}
{"linear_velocity": 0.445246973616328, "datetime": "2021-09-29 12:17:15.505844", "walls": [], "theta": -2.609580013040541, "y": -2.1747913811599195, "x": -0.14933184262772137, "angular_velocity": -1.2802660692287915}
{"linear_velocity": 0.5863548306598588, "datetime": "2021-09-29 12:17:16.506542", "walls": [], "theta": 2.5678005787107026, "y": -2.1164250316137507, "x": -0.6955517124737151, "angular_velocity": -1.0914594325872173}
{"linear_velocity": 0.5989520114355357, "datetime": "2021-09-29 12:17:17.505943", "walls": [], "theta": 2.0807174314066423, "y": -1.652775717610435, "x": -1.1049585825937867, "angular_velocity": -0.5361459650194242}
{"linear_velocity": 0.5883303481497887, "datetime": "2021-09-29 12:17:18.516660", "walls": [], "theta": 1.891502406864643, "y": -1.0844767419983288, "x": -1.3546934985995696, "angular_velocity": -0.23569520009566888}
