{"linear_velocity": 0, "datetime": "2021-09-29 12:09:24.106237", "walls": [[0.0, 0.0]], "theta": 0, "y": 0, "x": 0, "angular_velocity": 0}
{"linear_velocity": 0.021056573157708328, "datetime": "2021-09-29 12:09:24.995094", "walls": [], "theta": 0.0015753029066959258, "y": -1.7340158310476395e-05, "x": 0.03365647576400116, "angular_velocity": 0.00021563953958728994}
{"linear_velocity": 0.0018951033606817542, "datetime": "2021-09-29 12:09:25.994935", "walls": [], "theta": 0.0016160727290267564, "y": -1.836482156823541e-05, "x": 0.03293219252743319, "angular_velocity": 5.2339426808453145e-05}
{"linear_velocity": 0.00018723203950992418, "datetime": "2021-09-29 12:09:26.994930", "walls": [], "theta": 0.0016141484127360787, "y": -1.8368276440835783e-05, "x": 0.032837129770701336, "angular_velocity": 1.123644185094936e-05}
{"linear_velocity": 1.8467450068814785e-05, "datetime": "2021-09-29 12:09:27.994943", "walls": [], "theta": 0.00161372629612628, "y": -1.8322636506554564e-05, "x": 0.032827655433460654, "angular_velocity": 2.311539002478468e-06}
{"linear_velocity": 1.6194991142640145e-06, "datetime": "2021-09-29 12:09:28.994991", "walls": [], "theta": 0.0016136372469456087, "y": -1.8306645502112334e-05, "x": 0.032826708774886804, "angular_velocity": 4.323112333663136e-07}
{"linear_velocity": 0.3014979551207318, "datetime": "2021-09-29 12:09:29.995041", "walls": [], "theta": 0.0012597674417500516, "y": -9.019754299104819e-05, "x": 0.24884381590536034, "angular_velocity": 0.030007115974830384}
{"linear_velocity": 0.34874120437951206, "datetime": "2021-09-29 12:09:30.995084", "walls": [], "theta": -0.0029552356377528124, "y": -0.0012439147440376152, "x": 0.6596070721320513, "angular_velocity": 0.003590208103915166}
{"linear_velocity": 0.2907428265057071, "datetime": "2021-09-29 12:09:31.995027", "walls": [], "theta": -0.0027295551450454607, "y": -0.0021510065653021623, "x": 0.954090830135415, "angular_velocity": 0.0016238977306006527}
{"linear_velocity": 0.23897016711065935, "datetime": "2021-09-29 12:09:32.997035", "walls": [], "theta": -0.002558957078938927, "y": -0.002835722602780129, "x": 1.1929606894239602, "angular_velocity": 0.0027114519164400494}
{"linear_velocity": 0.19273969494041704, "datetime": "2021-09-29 12:09:33.994864", "walls": [], "theta": -0.0004061953172607993, "y": -0.0033437834534758106, "x": 1.397250740913871, "angular_velocity": 0.004481819145682151}
{"linear_velocity": 0.1578392695081328, "datetime": "2021-09-29 12:09:34.994052", "walls": [], "theta": 0.003952437035897794, "y": -0.002915272966482294, "x": 1.5546412258575755, "angular_velocity": 0.002913526071889514}
{"linear_velocity": 0.12721274477226163, "datetime": "2021-09-29 12:09:35.994997", "walls": [], "theta": 0.007832314534474978, "y": -0.002085118959450493, "x": 1.6886608639828227, "angular_velocity": 0.0016839176306006718}
{"linear_velocity": 0.10250690407644214, "datetime": "2021-09-29 12:09:36.995033", "walls": [], "theta": 0.007613482092714461, "y": -0.0012635921885298788, "x": 1.7965460528226112, "angular_velocity": -0.00022197916000387435}
{"linear_velocity": 0.08405228506706575, "datetime": "2021-09-29 12:09:37.994992", "walls": [], "theta": 0.007481297846565281, "y": -0.0006302736212802361, "x": 1.880070944372423, "angular_velocity": -0.0009295230612225779}
{"linear_velocity": 0.3955733834244392, "datetime": "2021-09-29 12:09:38.994929", "walls": [], "theta": -0.1827183327485805, "y": -0.012516247977671703, "x": 2.149144326750572, "angular_velocity": -0.4937634484950339}
{"linear_velocity": 0.5756845667196214, "datetime": "2021-09-29 12:09:39.995377", "walls": [], "theta": -1.0776119787239784, "y": -0.34637797275676596, "x": 2.596221594376433, "angular_velocity": -0.8605958701337593}
{"linear_velocity": 0.6011917534699863, "datetime": "2021-09-29 12:09:40.995132", "walls": [], "theta": -2.021947806815642, "y": -0.9527849543837436, "x": 2.594947067770904, "angular_velocity": -0.8879024068958733}
{"linear_velocity": 0.6040564176633602, "datetime": "2021-09-29 12:09:41.993893", "walls": [], "theta": -2.5482583085454555, "y": -1.3882489396448838, "x": 2.198311278109603, "angular_velocity": -0.5749630397893154}
{"linear_velocity": 0.6018322420748691, "datetime": "2021-09-29 12:09:42.997387", "walls": [], "theta": -2.810922021177883, "y": -1.6578633869910984, "x": 1.6406259435696462, "angular_velocity": -0.3040003304824822}
{"linear_velocity": 0.5994402462252355, "datetime": "2021-09-29 12:09:43.994617", "walls": [], "theta": -2.948036877879878, "y": -1.802837298030042, "x": 1.0718751950003356, "angular_velocity": -0.07030078853951806}
{"linear_velocity": 0.5948098771001693, "datetime": "2021-09-29 12:09:44.994910", "walls": [], "theta": -3.01152665100918, "y": -1.8929753693426958, "x": 0.5235655021605504, "angular_velocity": -0.05390530018053566}
{"linear_velocity": 0.49871866402154286, "datetime": "2021-09-29 12:09:45.994988", "walls": [], "theta": -3.0657169686292107, "y": -1.948939645464863, "x": -0.03489546797110122, "angular_velocity": -0.04953556045140686}
{"linear_velocity": 0.4073618159471268, "datetime": "2021-09-29 12:09:46.994916", "walls": [], "theta": -3.0925774083891673, "y": -1.9736321723055006, "x": -0.43986065722997025, "angular_velocity": -0.03278425784645621}
{"linear_velocity": 0.3342112283802313, "datetime": "2021-09-29 12:09:47.995815", "walls": [], "theta": -3.1070064279864646, "y": -1.9872569998417, "x": -0.7742497583075663, "angular_velocity": -0.020967585592034675}
{"linear_velocity": 0.270273249457829, "datetime": "2021-09-29 12:09:48.993951", "walls": [], "theta": -3.120512145738654, "y": -1.9948823762763492, "x": -1.0596501921502375, "angular_velocity": -0.014556179901806337}
{"linear_velocity": 0.2169883695663663, "datetime": "2021-09-29 12:09:49.994822", "walls": [], "theta": -3.131720558654521, "y": -1.9983480950428025, "x": -1.288410294380658, "angular_velocity": -0.010095580783147614}
{"linear_velocity": 0.17734190036844166, "datetime": "2021-09-29 12:09:50.994840", "walls": [], "theta": -3.1353087422189043, "y": -1.9996105647840818, "x": -1.4646870935913374, "angular_velocity": -0.00503408601285495}
{"linear_velocity": 0.14322673303616454, "datetime": "2021-09-29 12:09:51.993801", "walls": [], "theta": -3.138141835217221, "y": -2.000563898761696, "x": -1.616238444048178, "angular_velocity": -0.0052105544671788885}
{"linear_velocity": 0.11709013692929265, "datetime": "2021-09-29 12:09:53.001418", "walls": [], "theta": -3.1409725570715747, "y": -2.0007612085814137, "x": -1.7328723510384485, "angular_velocity": -0.003266061365000693}
{"linear_velocity": 0.09443039031341703, "datetime": "2021-09-29 12:09:53.995116", "walls": [], "theta": 3.137215604297915, "y": -2.0006676054919277, "x": -1.8330025247008157, "angular_velocity": -0.0035966072713588732}
{"linear_velocity": 0.11733352807289213, "datetime": "2021-09-29 12:09:54.994995", "walls": [], "theta": 3.1351518029333, "y": -2.0003624199464425, "x": -1.9098122071724508, "angular_velocity": -0.08878847576198536}
{"linear_velocity": 0.5114423635940962, "datetime": "2021-09-29 12:09:55.995054", "walls": [], "theta": 2.5863447478173813, "y": -1.8981199504996313, "x": -2.3651840243511764, "angular_velocity": -0.7096816037354432}
{"linear_velocity": 0.5925139240500111, "datetime": "2021-09-29 12:09:56.994976", "walls": [], "theta": 1.7804315010058016, "y": -1.459830978925107, "x": -2.657844509779883, "angular_velocity": -0.837279367473991}
{"linear_velocity": 0.5313532484390284, "datetime": "2021-09-29 12:09:57.994868", "walls": [], "theta": 1.23307023578548, "y": -0.8811406776759858, "x": -2.608760138116374, "angular_velocity": -0.5256237746451298}
{"linear_velocity": 0.5943285546879549, "datetime": "2021-09-29 12:09:58.995250", "walls": [], "theta": 0.9633268467488113, "y": -0.355928636052944, "x": -2.33055401876096, "angular_velocity": -0.2892661721498627}
{"linear_velocity": 0.6015062235535854, "datetime": "2021-09-29 12:09:59.995067", "walls": [], "theta": 0.8713712894576138, "y": 0.13400891614884558, "x": -1.9496373091360584, "angular_velocity": -0.13200591468869263}
{"linear_velocity": 0.5112602498562673, "datetime": "2021-09-29 12:10:00.995017", "walls": [], "theta": 0.8037830716974289, "y": 0.5315833311236786, "x": -1.595611323545735, "angular_velocity": -0.08277518970378156}
{"linear_velocity": 0.46285311681059343, "datetime": "2021-09-29 12:10:01.995258", "walls": [], "theta": 0.7565553427856149, "y": 0.8699025362571148, "x": -1.2508265601939157, "angular_velocity": -0.04524390703764311}
{"linear_velocity": 0.3648374158073733, "datetime": "2021-09-29 12:10:02.997285", "walls": [], "theta": 0.747871397603748, "y": 1.1579832155193401, "x": -0.9460019698577244, "angular_velocity": -0.02304935398166682}
{"linear_velocity": 0.2957978688807028, "datetime": "2021-09-29 12:10:03.994947", "walls": [], "theta": 0.7412404360969476, "y": 1.2865242056687765, "x": -0.8060809508022295, "angular_velocity": -0.016357603791847218}
{"linear_velocity": 0.2827362757989723, "datetime": "2021-09-29 12:10:04.994946", "walls": [], "theta": 0.6957726850824569, "y": 1.459685204496213, "x": -0.6084389530221448, "angular_velocity": -0.025639637344753972}
{"linear_velocity": 0.2186903037718302, "datetime": "2021-09-29 12:10:05.994861", "walls": [], "theta": 0.6952738177286432, "y": 1.649494524097063, "x": -0.3809539420406304, "angular_velocity": -0.0021957188516508433}
{"linear_velocity": 0.12650365334168334, "datetime": "2021-09-29 12:10:06.994972", "walls": [], "theta": 0.7380817126194174, "y": 1.8064868137904775, "x": -0.199637408203953, "angular_velocity": 0.023943375165675726}
{"linear_velocity": 0.09771792262629532, "datetime": "2021-09-29 12:10:07.994745", "walls": [], "theta": 0.7611103963170002, "y": 1.8724491076286887, "x": -0.12851723774464205, "angular_velocity": 0.023401271569950456}
{"linear_velocity": 0.07885411249076628, "datetime": "2021-09-29 12:10:08.994927", "walls": [], "theta": 0.7790561898489399, "y": 1.9301675922574821, "x": -0.06882894640943331, "angular_velocity": 0.018258615978345917}
{"linear_velocity": 0.4846437460321445, "datetime": "2021-09-29 12:10:09.994865", "walls": [], "theta": 0.35097562801147963, "y": 2.1618810911851756, "x": 0.2546898965416854, "angular_velocity": -0.6433781625455499}
{"linear_velocity": 0.5938864162252506, "datetime": "2021-09-29 12:10:10.994744", "walls": [], "theta": -0.6362949590473864, "y": 2.067986713418467, "x": 0.8572131633799097, "angular_velocity": -0.9073349820750739}
{"linear_velocity": 0.6012423432945602, "datetime": "2021-09-29 12:10:11.994719", "walls": [], "theta": -1.3062942516030287, "y": 1.5732416009392518, "x": 1.1664381432782678, "angular_velocity": -0.6806264609568325}
{"linear_velocity": 0.6012092131414912, "datetime": "2021-09-29 12:10:12.996966", "walls": [], "theta": -1.6546548774858025, "y": 0.9840850098128752, "x": 1.2130909370774983, "angular_velocity": -0.39881515516236643}
{"linear_velocity": 0.5993219178840118, "datetime": "2021-09-29 12:10:13.994969", "walls": [], "theta": -1.8311188599817634, "y": 0.40576069754912786, "x": 1.1118164432334428, "angular_velocity": -0.10594580040257615}
{"linear_velocity": 0.5305231079420617, "datetime": "2021-09-29 12:10:14.994947", "walls": [], "theta": -1.9436695063659801, "y": -0.1275654813439713, "x": 0.9330497021560118, "angular_velocity": -0.06610262279213927}
{"linear_velocity": 0.4260771190822087, "datetime": "2021-09-29 12:10:15.993935", "walls": [], "theta": -2.0000374463751154, "y": -0.5428739902297182, "x": 0.7563309551742666, "angular_velocity": -0.05470805801449424}
{"linear_velocity": 0.3492287279586575, "datetime": "2021-09-29 12:10:16.995023", "walls": [], "theta": -2.0302691478781236, "y": -0.8571376248964102, "x": 0.6061961757020801, "angular_velocity": -0.03396596233580179}
{"linear_velocity": 0.2826486086685505, "datetime": "2021-09-29 12:10:17.995095", "walls": [], "theta": -2.050740547549903, "y": -1.1093934874101261, "x": 0.47860605529510064, "angular_velocity": -0.021744721300989124}
{"linear_velocity": 0.23405884172571484, "datetime": "2021-09-29 12:10:18.994189", "walls": [], "theta": -2.056068203777311, "y": -1.316319577050674, "x": 0.3697639447472479, "angular_velocity": -0.009218102375201867}
{"linear_velocity": 0.18844043194009152, "datetime": "2021-09-29 12:10:19.994931", "walls": [], "theta": -2.0682554605373182, "y": -1.4918518600055068, "x": 0.27617993767993454, "angular_velocity": -0.008498568756694223}
{"linear_velocity": 0.15124249908499426, "datetime": "2021-09-29 12:10:20.994956", "walls": [], "theta": -2.068300552917074, "y": -1.631905447581341, "x": 0.20008788276041045, "angular_velocity": -0.0015839110308621337}
{"linear_velocity": 0.12511179293254865, "datetime": "2021-09-29 12:10:21.994046", "walls": [], "theta": -2.0681775195183105, "y": -1.735551799198653, "x": 0.14382563893616418, "angular_velocity": -0.0003741040543823415}
{"linear_velocity": 0.10188615052905255, "datetime": "2021-09-29 12:10:23.008270", "walls": [], "theta": -2.0679308779025596, "y": -1.8245950186824333, "x": 0.09550161020990523, "angular_velocity": 0.004883053776159433}
{"linear_velocity": 0.08444036623047695, "datetime": "2021-09-29 12:10:23.993912", "walls": [], "theta": -2.076524152258875, "y": -1.898813552250605, "x": 0.05459090741956145, "angular_velocity": 0.0023342248996627425}
{"linear_velocity": 0.40903192379276304, "datetime": "2021-09-29 12:10:24.994783", "walls": [], "theta": -2.2648566689380294, "y": -2.136051303680326, "x": -0.09059422613718089, "angular_velocity": -0.450821389607303}
{"linear_velocity": 0.584045021874219, "datetime": "2021-09-29 12:10:25.994877", "walls": [], "theta": 2.9817934165446833, "y": -2.352070555766849, "x": -0.6910550207598383, "angular_velocity": -0.8500164284523017}
{"linear_velocity": 0.6031232299668529, "datetime": "2021-09-29 12:10:26.994777", "walls": [], "theta": 2.3252893318565424, "y": -2.054570879603108, "x": -1.1981956194412782, "angular_velocity": -0.6585628806463067}
{"linear_velocity": 0.5984913900083885, "datetime": "2021-09-29 12:10:27.994735", "walls": [], "theta": 1.9987076526427947, "y": -1.5639918599016227, "x": -1.5203981763192533, "angular_velocity": -0.38400465530412775}
{"linear_velocity": 0.5989688384108477, "datetime": "2021-09-29 12:10:28.994763", "walls": [], "theta": 1.8104596075700121, "y": -0.9789441434204412, "x": -1.7248937163802454, "angular_velocity": -0.2125232512168275}
{"linear_velocity": 0.5893643433586896, "datetime": "2021-09-29 12:10:29.993756", "walls": [], "theta": 1.7345777760449466, "y": -0.4093812471731876, "x": -1.8449897233896868, "angular_velocity": -0.11954429547959841}
{"linear_velocity": 0.48970178081860927, "datetime": "2021-09-29 12:10:30.993997", "walls": [], "theta": 1.6753495638642355, "y": 0.07742150666763264, "x": -1.9104425093651758, "angular_velocity": -0.07101759687867272}
{"linear_velocity": 0.4013598932774525, "datetime": "2021-09-29 12:10:31.993898", "walls": [], "theta": 1.6417683312890035, "y": 0.4777350529523731, "x": -1.9453540139348178, "angular_velocity": -0.04152986013795491}
{"linear_velocity": 0.32196184467017863, "datetime": "2021-09-29 12:10:33.007966", "walls": [], "theta": 1.6185394694117745, "y": 0.818207152252426, "x": -1.9651389838919324, "angular_velocity": 0.013245621129946369}
{"linear_velocity": 0.2616944911055001, "datetime": "2021-09-29 12:10:33.995021", "walls": [], "theta": 1.6064980958704163, "y": 1.093927674991332, "x": -1.9761251212034647, "angular_velocity": -0.002973470644762196}
{"linear_velocity": 0.2168977517898332, "datetime": "2021-09-29 12:10:34.994320", "walls": [], "theta": 1.6067354909372513, "y": 1.305239081053546, "x": -1.9837195906532106, "angular_velocity": -0.004436818680026383}
{"linear_velocity": 0.17209781330939936, "datetime": "2021-09-29 12:10:35.995229", "walls": [], "theta": 1.6038980003620822, "y": 1.4875808280522937, "x": -1.990016627227522, "angular_velocity": -0.007232449998939555}
{"linear_velocity": 0.14074808673277778, "datetime": "2021-09-29 12:10:36.995405", "walls": [], "theta": 1.5914509621894979, "y": 1.6278092770747474, "x": -1.9938560899529045, "angular_velocity": -0.00894803452856859}
{"linear_velocity": 0.11598097652262614, "datetime": "2021-09-29 12:10:37.994865", "walls": [], "theta": 1.5914053450575993, "y": 1.73719569845165, "x": -1.996138382998813, "angular_velocity": -0.00419069906340496}
{"linear_velocity": 0.09177413733697001, "datetime": "2021-09-29 12:10:38.994760", "walls": [], "theta": 1.585469109095444, "y": 1.8393986985787985, "x": -1.9978675068769598, "angular_velocity": -0.003468314026097697}
{"linear_velocity": 0.13502226285955413, "datetime": "2021-09-29 12:10:39.994952", "walls": [], "theta": 1.581499897871179, "y": 1.9159649721852552, "x": -1.9990029815682402, "angular_velocity": -0.1278654623264208}
{"linear_velocity": 0.5254146715986157, "datetime": "2021-09-29 12:10:40.994881", "walls": [], "theta": 0.9700721405801314, "y": 2.4027861624051643, "x": -1.8825003466028232, "angular_velocity": -0.7349149572216362}
{"linear_velocity": 0.5932975466427026, "datetime": "2021-09-29 12:10:41.995164", "walls": [], "theta": 0.11154949662074293, "y": 2.6843867634800733, "x": -1.3761035766886818, "angular_velocity": -0.80463752124496}
{"linear_velocity": 0.6025594959362941, "datetime": "2021-09-29 12:10:43.000909", "walls": [], "theta": -0.3471233648760524, "y": 2.6000933298561018, "x": -0.7913399974967579, "angular_velocity": -0.5044219772110632}
{"linear_velocity": 0.6025747473303461, "datetime": "2021-09-29 12:10:43.994961", "walls": [], "theta": -0.5886979554999716, "y": 2.314004035649175, "x": -0.24065121383749266, "angular_velocity": -0.27298282044946437}
{"linear_velocity": 0.5956363210190075, "datetime": "2021-09-29 12:10:44.994570", "walls": [], "theta": -0.7056789122582922, "y": 1.9550378151398216, "x": 0.22215881010858674, "angular_velocity": -0.1440549362844867}
{"linear_velocity": 0.5292795756600195, "datetime": "2021-09-29 12:10:45.994129", "walls": [], "theta": -0.7813483125632876, "y": 1.5916191017096277, "x": 0.6185487945888268, "angular_velocity": -0.09024317537504806}
{"linear_velocity": 0.431054310742191, "datetime": "2021-09-29 12:10:46.994935", "walls": [], "theta": -0.8174924023638255, "y": 1.2648664077802343, "x": 0.9362857505480215, "angular_velocity": -0.05241353644526775}
{"linear_velocity": 0.3503819939279338, "datetime": "2021-09-29 12:10:47.994033", "walls": [], "theta": -0.8445075603619265, "y": 1.0075186407107366, "x": 1.1708585749807767, "angular_velocity": -0.0357603209170144}
{"linear_velocity": 0.2828181904799132, "datetime": "2021-09-29 12:10:48.994885", "walls": [], "theta": -0.8635688126808537, "y": 0.7811291658958108, "x": 1.3673909158603839, "angular_velocity": -0.023151459733650088}
{"linear_velocity": 0.2329533497600352, "datetime": "2021-09-29 12:10:49.993808", "walls": [], "theta": -0.8765686948567079, "y": 0.6041132841768516, "x": 1.516346745661383, "angular_velocity": -0.016429638432539556}
{"linear_velocity": 0.18722729618880593, "datetime": "2021-09-29 12:10:50.995265", "walls": [], "theta": -0.8879263520396234, "y": 0.45180977058693467, "x": 1.6416085481195775, "angular_velocity": -0.012117990996065243}
{"linear_velocity": 0.15237308175857156, "datetime": "2021-09-29 12:10:51.994986", "walls": [], "theta": -0.8901171163013571, "y": 0.3340106604852246, "x": 1.7371055193284457, "angular_velocity": -0.007775540962530398}
{"linear_velocity": 0.12383515262293984, "datetime": "2021-09-29 12:10:52.999616", "walls": [], "theta": -0.8951835383543513, "y": 0.23747057541673602, "x": 1.814885977580678, "angular_velocity": -0.008418362732591228}
{"linear_velocity": 0.10119185135879488, "datetime": "2021-09-29 12:10:53.994437", "walls": [], "theta": -0.9031213122948359, "y": 0.15355618326922923, "x": 1.8815957726263042, "angular_velocity": -0.008388703508176209}
{"linear_velocity": 0.08305358274365053, "datetime": "2021-09-29 12:10:54.994887", "walls": [], "theta": -0.9086290094164843, "y": 0.08905948948637792, "x": 1.9320663708546055, "angular_velocity": -0.006926717278852126}
{"linear_velocity": 0.42893478621824827, "datetime": "2021-09-29 12:10:55.994003", "walls": [], "theta": -1.179577142985908, "y": -0.17110458915775834, "x": 2.100198176054735, "angular_velocity": -0.5553647765003699}
{"linear_velocity": 0.5848663581300099, "datetime": "2021-09-29 12:10:56.993793", "walls": [], "theta": -2.0676325448674966, "y": -0.7573483291876792, "x": 2.0517598589118107, "angular_velocity": -0.7885906093506379}
{"linear_velocity": 0.5964930147482583, "datetime": "2021-09-29 12:10:57.994101", "walls": [], "theta": -2.5218008238667524, "y": -1.1841073066135266, "x": 1.6502738913135249, "angular_velocity": -0.49157012459540234}
{"linear_velocity": 0.5997146848439552, "datetime": "2021-09-29 12:10:58.995094", "walls": [], "theta": -2.7667784528677433, "y": -1.47353760615858, "x": 1.1013423743194917, "angular_velocity": -0.2686415589157577}
{"linear_velocity": 0.6031558619154888, "datetime": "2021-09-29 12:10:59.994378", "walls": [], "theta": -2.880022192024478, "y": -1.6522308537205226, "x": 0.5384092680372919, "angular_velocity": -0.14439379046355386}
{"linear_velocity": 0.5141556222631216, "datetime": "2021-09-29 12:11:00.995148", "walls": [], "theta": -2.9506994099682182, "y": -1.7687147234366227, "x": 0.032994918474618794, "angular_velocity": -0.08864934859233319}
{"linear_velocity": 0.4183313538195389, "datetime": "2021-09-29 12:11:01.994984", "walls": [], "theta": -2.999615761094872, "y": -1.841197662567787, "x": -0.40464038139307984, "angular_velocity": -0.05168162627358196}
{"linear_velocity": 0.3406532961590896, "datetime": "2021-09-29 12:11:03.007604", "walls": [], "theta": -3.026524519078666, "y": -1.884360426062798, "x": -0.7448324242969726, "angular_velocity": -0.028859408863014566}
{"linear_velocity": 0.2771695156755393, "datetime": "2021-09-29 12:11:03.994282", "walls": [], "theta": -3.040122113434113, "y": -1.9165475525914184, "x": -1.0356045481235387, "angular_velocity": -0.018221408454513678}
{"linear_velocity": 0.22800689177946643, "datetime": "2021-09-29 12:11:04.995238", "walls": [], "theta": -3.047105419078272, "y": -1.938435037216121, "x": -1.259043891666345, "angular_velocity": -0.010889729383188464}
{"linear_velocity": 0.1816296348626448, "datetime": "2021-09-29 12:11:05.995033", "walls": [], "theta": -3.058177230349902, "y": -1.955252296023863, "x": -1.4503143770699984, "angular_velocity": -0.006556964582289518}
{"linear_velocity": 0.14891810413626722, "datetime": "2021-09-29 12:11:06.994808", "walls": [], "theta": -3.058500916427814, "y": -1.9677024650631993, "x": -1.5993397651575345, "angular_velocity": -0.0024610500618725216}
{"linear_velocity": 0.11953717711344297, "datetime": "2021-09-29 12:11:07.993832", "walls": [], "theta": -3.060886820885154, "y": -1.977262181838544, "x": -1.7174694830940027, "angular_velocity": -0.0008958084392824383}
{"linear_velocity": 0.09770770363638157, "datetime": "2021-09-29 12:11:08.993761", "walls": [], "theta": -3.060797712252553, "y": -1.9856537438233386, "x": -1.8209916747772403, "angular_velocity": -0.0003309936730533219}
