{"linear_velocity": 0, "datetime": "2021-09-29 12:11:51.924461", "walls": [[0.0, 0.0]], "theta": 0, "y": 0, "x": 0, "angular_velocity": 0}
{"linear_velocity": 3.4057378919051074e-06, "datetime": "2021-09-29 12:11:52.782168", "walls": [], "theta": -6.391461461967912e-05, "y": -2.8069502427556e-06, "x": 1.932470079507221e-05, "angular_velocity": -0.001362020498324609}
{"linear_velocity": 4.030856508500565e-06, "datetime": "2021-09-29 12:11:53.782197", "walls": [], "theta": -1.3523606957993339e-05, "y": -3.9679590328435936e-06, "x": 2.731171812426717e-05, "angular_velocity": -0.0002924862036696202}
{"linear_velocity": 4.241832862432034e-06, "datetime": "2021-09-29 12:11:54.782137", "walls": [], "theta": -1.571821708300874e-05, "y": -5.175534401251361e-06, "x": 3.566456864408748e-05, "angular_velocity": -0.00033451353453915197}
{"linear_velocity": 4.26455254043931e-06, "datetime": "2021-09-29 12:11:55.782146", "walls": [], "theta": -0.0001918640148708159, "y": -6.315436786663716e-06, "x": 4.357042379633078e-05, "angular_velocity": -0.004043410465693608}
{"linear_velocity": 4.302328440261645e-06, "datetime": "2021-09-29 12:11:56.782185", "walls": [], "theta": -3.4754219034828394e-05, "y": -7.516286163032275e-06, "x": 5.1909415110518056e-05, "angular_velocity": -0.0007406216068608656}
{"linear_velocity": 0.29282976548760525, "datetime": "2021-09-29 12:11:57.781872", "walls": [], "theta": -0.0022651305430199838, "y": -0.0005110120400472043, "x": 0.19748843111398218, "angular_velocity": 0.0030163812517170698}
{"linear_velocity": 0.35751825560803635, "datetime": "2021-09-29 12:11:58.782044", "walls": [], "theta": 0.0017598014690039414, "y": -0.0010338677639227269, "x": 0.5799138423786416, "angular_velocity": 0.0009787188946523398}
{"linear_velocity": 0.30255968132990696, "datetime": "2021-09-29 12:11:59.781996", "walls": [], "theta": -0.0016793115846671313, "y": -0.0008142863036101227, "x": 0.9024068625531262, "angular_velocity": -0.00039711019836947015}
{"linear_velocity": 0.2480608934760788, "datetime": "2021-09-29 12:12:00.783120", "walls": [], "theta": -0.0013099392154162844, "y": -0.0012327827795679633, "x": 1.1495500496158029, "angular_velocity": 0.0010324224945941814}
{"linear_velocity": 0.20075852656979346, "datetime": "2021-09-29 12:12:01.781875", "walls": [], "theta": 0.0023015233723532843, "y": -0.0007893889982386354, "x": 1.3612251688521757, "angular_velocity": 0.000501278842470286}
{"linear_velocity": 0.1637073990272201, "datetime": "2021-09-29 12:12:02.782055", "walls": [[2.4260370023676856, 0.00080179270136671011]], "theta": 0.0014048480330385862, "y": -0.0004653798216866987, "x": 1.5240378824466652, "angular_velocity": -0.0003577618835015204}
{"linear_velocity": 0.13385361177020597, "datetime": "2021-09-29 12:12:03.782020", "walls": [[2.537977127254111, 0.00044459927836113178]], "theta": 0.000862708390851732, "y": -0.00031544670447912563, "x": 1.6569774727461297, "angular_velocity": -0.0002598817770494798}
{"linear_velocity": 0.10866224224244249, "datetime": "2021-09-29 12:12:04.782016", "walls": [], "theta": 0.001301757620471707, "y": -0.0001803631596811957, "x": 1.7723362531734097, "angular_velocity": 5.585756511784671e-05}
{"linear_velocity": 0.08745842758765239, "datetime": "2021-09-29 12:12:05.782176", "walls": [], "theta": 0.0012133434994483438, "y": -7.077046054118379e-05, "x": 1.859152956721593, "angular_velocity": 1.5808685213346551e-06}
{"linear_velocity": 0.23859355312178646, "datetime": "2021-09-29 12:12:06.781824", "walls": [], "theta": -0.029268822562096525, "y": -0.00014741807284994856, "x": 1.9798498508989413, "angular_velocity": -0.574691234715724}
{"linear_velocity": 0.5571700189906338, "datetime": "2021-09-29 12:12:07.781933", "walls": [], "theta": -1.436595242937007, "y": -0.35979763797469694, "x": 2.3730880272247172, "angular_velocity": -1.2862938003734823}
{"linear_velocity": 0.597253221459249, "datetime": "2021-09-29 12:12:08.781962", "walls": [], "theta": -2.214029688888552, "y": -0.9161718015188065, "x": 2.199562189941127, "angular_velocity": -0.8406157413195505}
{"linear_velocity": 0.6004502442619495, "datetime": "2021-09-29 12:12:09.782049", "walls": [], "theta": -2.619952817974525, "y": -1.319338475072839, "x": 1.729172903486663, "angular_velocity": -0.4591479210850006}
{"linear_velocity": 0.6009046933216013, "datetime": "2021-09-29 12:12:10.783160", "walls": [], "theta": -2.8128665969869715, "y": -1.5600324022536518, "x": 1.1901780499517745, "angular_velocity": -0.16431422810584553}
{"linear_velocity": 0.6015705310761236, "datetime": "2021-09-29 12:12:11.781711", "walls": [], "theta": -2.907710750668775, "y": -1.7075106091364822, "x": 0.6513458715707473, "angular_velocity": -0.05476772838940662}
{"linear_velocity": 0.5284013501778871, "datetime": "2021-09-29 12:12:12.781876", "walls": [], "theta": -2.98346721420557, "y": -1.8190796973821683, "x": 0.0744019358901131, "angular_velocity": -0.05090776359742321}
{"linear_velocity": 0.4320661189174517, "datetime": "2021-09-29 12:12:13.781996", "walls": [], "theta": -3.0269220412516127, "y": -1.8775057845342973, "x": -0.3534589331025822, "angular_velocity": -0.044878132813168534}
{"linear_velocity": 0.35027302825329404, "datetime": "2021-09-29 12:12:14.781832", "walls": [], "theta": -3.0474254137111063, "y": -1.913341520777304, "x": -0.7012340993858951, "angular_velocity": -0.027149862222332757}
{"linear_velocity": 0.28342602089658525, "datetime": "2021-09-29 12:12:15.782043", "walls": [], "theta": -3.059716776060378, "y": -1.9395074554907663, "x": -0.9994337743828093, "angular_velocity": -0.01806557311601867}
{"linear_velocity": 0.22955471650945575, "datetime": "2021-09-29 12:12:16.782148", "walls": [], "theta": -3.0678848182332557, "y": -1.9585843707202084, "x": -1.2423210499699162, "angular_velocity": -0.014378536554305887}
{"linear_velocity": 0.18622067835947173, "datetime": "2021-09-29 12:12:17.782488", "walls": [], "theta": -3.0794603254474526, "y": -1.970766773920352, "x": -1.427311138597899, "angular_velocity": -0.010681233007235866}
{"linear_velocity": 0.15141056604558084, "datetime": "2021-09-29 12:12:18.781898", "walls": [], "theta": -3.0852805316802727, "y": -1.9797690338375313, "x": -1.5784635716526136, "angular_velocity": -0.007769069147459009}
{"linear_velocity": 0.12418962416423034, "datetime": "2021-09-29 12:12:19.782079", "walls": [], "theta": -3.0901681643521832, "y": -1.986294740948638, "x": -1.702927593280309, "angular_velocity": -0.0045140102913287725}
{"linear_velocity": 0.10046669351117192, "datetime": "2021-09-29 12:12:20.783886", "walls": [], "theta": -3.0913800735002095, "y": -1.9916479804364504, "x": -1.8082824122683656, "angular_velocity": -0.003569119434655706}
{"linear_velocity": 0.08139014928778619, "datetime": "2021-09-29 12:12:21.782134", "walls": [], "theta": -3.0972181025079055, "y": -1.9955244444572002, "x": -1.8943260383215224, "angular_velocity": -0.002353221527839896}
{"linear_velocity": 0.4471609826585954, "datetime": "2021-09-29 12:12:22.782195", "walls": [], "theta": 2.678606950725067, "y": -1.951154674905768, "x": -2.2249440171871866, "angular_velocity": -0.9083991309485492}
{"linear_velocity": 0.5848963628338517, "datetime": "2021-09-29 12:12:23.782050", "walls": [], "theta": 1.6728873042709325, "y": -1.4758173692485492, "x": -2.5044758259395525, "angular_velocity": -0.924778400426374}
{"linear_velocity": 0.6021378207504693, "datetime": "2021-09-29 12:12:24.781981", "walls": [], "theta": 1.1822958534528616, "y": -0.8047584870821746, "x": -2.3898855637470535, "angular_velocity": -0.4640506698253279}
{"linear_velocity": 0.5999469727036749, "datetime": "2021-09-29 12:12:25.782032", "walls": [], "theta": 0.9957208001465259, "y": -0.2855950471630768, "x": -2.1185755714398082, "angular_velocity": -0.24297533829411486}
{"linear_velocity": 0.5889597829647714, "datetime": "2021-09-29 12:12:26.782097", "walls": [], "theta": 0.9041717339564869, "y": 0.21546275162611525, "x": -1.757943451294388, "angular_velocity": -0.12527755878603064}
{"linear_velocity": 0.5076775808860265, "datetime": "2021-09-29 12:12:27.781979", "walls": [], "theta": 0.8354942067526243, "y": 0.6053785558759486, "x": -1.4280503600054184, "angular_velocity": -0.0780571373078495}
{"linear_velocity": 0.4136110957185634, "datetime": "2021-09-29 12:12:28.781972", "walls": [], "theta": 0.7898603741172199, "y": 0.9031103945306921, "x": -1.1460986901680568, "angular_velocity": -0.04595580010413175}
{"linear_velocity": 0.3400398731374602, "datetime": "2021-09-29 12:12:29.782065", "walls": [], "theta": 0.7672149579234804, "y": 1.1432045122791554, "x": -0.9009509880156835, "angular_velocity": -0.019950161495234837}
{"linear_velocity": 0.27420330246060987, "datetime": "2021-09-29 12:12:30.787850", "walls": [], "theta": 0.7676150158190074, "y": 1.344419395107401, "x": -0.6925334024387104, "angular_velocity": -0.007130282160323151}
{"linear_velocity": 0.2195869321071397, "datetime": "2021-09-29 12:12:31.781892", "walls": [], "theta": 0.7615846484608326, "y": 1.5047860691679247, "x": -0.5250931328357002, "angular_velocity": -0.005209096602448009}
{"linear_velocity": 0.1796439113519853, "datetime": "2021-09-29 12:12:32.781775", "walls": [], "theta": 0.7614588588445774, "y": 1.6278137301501983, "x": -0.39611632164951766, "angular_velocity": -0.003862247045992714}
{"linear_velocity": 0.14651949517514956, "datetime": "2021-09-29 12:12:33.782023", "walls": [], "theta": 0.7571675193966435, "y": 1.728116970789146, "x": -0.2905035668651174, "angular_velocity": -0.004588128206668752}
{"linear_velocity": 0.11831463231702959, "datetime": "2021-09-29 12:12:34.781900", "walls": [], "theta": 0.7575591770918141, "y": 1.8133508082330252, "x": -0.20031032428972853, "angular_velocity": -0.0030880940918765957}
{"linear_velocity": 0.09677852966210813, "datetime": "2021-09-29 12:12:35.782008", "walls": [], "theta": 0.7520885773101508, "y": 1.8797694575409052, "x": -0.1296440472828662, "angular_velocity": -0.004475117740207888}
{"linear_velocity": 0.10014199985431653, "datetime": "2021-09-29 12:12:36.782023", "walls": [], "theta": 0.7471005291512033, "y": 1.9359110329476046, "x": -0.06950382450724692, "angular_velocity": -0.09010531692835318}
{"linear_velocity": 0.49903207534299426, "datetime": "2021-09-29 12:12:37.781880", "walls": [], "theta": -0.07815888760776803, "y": 2.1030001217804135, "x": 0.3157066742602896, "angular_velocity": -1.1015331893787432}
{"linear_velocity": 0.590767402178445, "datetime": "2021-09-29 12:12:38.782065", "walls": [], "theta": -1.003341137576862, "y": 1.7767478434014092, "x": 0.7945269015938817, "angular_velocity": -0.9033274730614134}
{"linear_velocity": 0.6000807651490758, "datetime": "2021-09-29 12:12:39.781972", "walls": [], "theta": -1.4688865709193601, "y": 1.1871146345543822, "x": 0.9851940492984317, "angular_velocity": -0.508896988254558}
{"linear_velocity": 0.6023769189901647, "datetime": "2021-09-29 12:12:40.791687", "walls": [], "theta": -1.7006617094748373, "y": 0.5957128985661898, "x": 0.9709250972955947, "angular_velocity": -0.2838105212063722}
{"linear_velocity": 0.5460044642762569, "datetime": "2021-09-29 12:12:41.782643", "walls": [], "theta": -1.8446513917803578, "y": 0.025272577681845904, "x": 0.8521904805367766, "angular_velocity": -0.15933109075734167}
{"linear_velocity": 0.4498738538368794, "datetime": "2021-09-29 12:12:42.782107", "walls": [], "theta": -1.9171848637797002, "y": -0.4023281021662065, "x": 0.7140393344083101, "angular_velocity": -0.08934922632532005}
{"linear_velocity": 0.36867070496468884, "datetime": "2021-09-29 12:12:43.781886", "walls": [], "theta": -1.9621024562647809, "y": -0.745418444663848, "x": 0.5817818593601332, "angular_velocity": -0.054396584841801716}
{"linear_velocity": 0.2982668591246021, "datetime": "2021-09-29 12:12:44.781989", "walls": [], "theta": -1.9862639811563285, "y": -1.035078190879948, "x": 0.45813509977205197, "angular_velocity": -0.03061153433531295}
{"linear_velocity": 0.2422061696922055, "datetime": "2021-09-29 12:12:45.782177", "walls": [], "theta": -2.0022442148240933, "y": -1.2550369538909856, "x": 0.3592791067238666, "angular_velocity": -0.020132445341643886}
{"linear_velocity": 0.1961652193222477, "datetime": "2021-09-29 12:12:46.781912", "walls": [], "theta": -2.012401690362281, "y": -1.4427392750889962, "x": 0.2717396789648116, "angular_velocity": -0.012725659565483572}
{"linear_velocity": 0.15951654641829816, "datetime": "2021-09-29 12:12:47.782236", "walls": [], "theta": -2.020885485147896, "y": -1.587636956101588, "x": 0.20260529798516666, "angular_velocity": -0.009373751437898271}
{"linear_velocity": 0.13060938037518302, "datetime": "2021-09-29 12:12:48.781858", "walls": [], "theta": -2.0251447383395456, "y": -1.7046729720302343, "x": 0.14571856862553947, "angular_velocity": -0.004986146327923719}
{"linear_velocity": 0.10488928769816816, "datetime": "2021-09-29 12:12:49.782081", "walls": [], "theta": -2.0285272534785532, "y": -1.8035392328145265, "x": 0.09730750197694059, "angular_velocity": -0.0035788288120504777}
{"linear_velocity": 0.08626755654366243, "datetime": "2021-09-29 12:12:50.785868", "walls": [], "theta": -2.0321288354910827, "y": -1.8812464972872636, "x": 0.058815598404715896, "angular_velocity": -0.0016724838910729682}
{"linear_velocity": 0.30708313118867, "datetime": "2021-09-29 12:12:51.782213", "walls": [], "theta": -2.1184796199480496, "y": -2.0324099777734896, "x": -0.01909583235176673, "angular_velocity": -0.6513533908399761}
{"linear_velocity": 0.5712582882533279, "datetime": "2021-09-29 12:12:52.781954", "walls": [], "theta": 2.948268108004816, "y": -2.2290001143145752, "x": -0.5495382752663459, "angular_velocity": -1.0439035165580934}
{"linear_velocity": 0.6009333484223479, "datetime": "2021-09-29 12:12:53.781841", "walls": [], "theta": 2.3440545067179768, "y": -1.9321434117601983, "x": -1.0591131171392127, "angular_velocity": -0.6662246466722924}
{"linear_velocity": 0.6027078908021993, "datetime": "2021-09-29 12:12:54.781941", "walls": [], "theta": 2.0156977851983653, "y": -1.4193381541973507, "x": -1.4067308134289436, "angular_velocity": -0.36363130466233556}
{"linear_velocity": 0.5992589946238843, "datetime": "2021-09-29 12:12:55.782375", "walls": [], "theta": 1.8456104432770934, "y": -0.8704046798084006, "x": -1.613045013635726, "angular_velocity": -0.2014146528007484}
{"linear_velocity": 0.5615506853794784, "datetime": "2021-09-29 12:12:56.781871", "walls": [], "theta": 1.7733919117007162, "y": -0.2900258447184864, "x": -1.7577283100979808, "angular_velocity": -0.10862751567149725}
{"linear_velocity": 0.47299344371290475, "datetime": "2021-09-29 12:12:57.782028", "walls": [], "theta": 1.711372331303739, "y": 0.17599412019885716, "x": -1.8388734695773594, "angular_velocity": -0.06986033238092337}
{"linear_velocity": 0.3793477894834142, "datetime": "2021-09-29 12:12:58.781962", "walls": [], "theta": 1.6790554092862935, "y": 0.5716497945694795, "x": -1.8880840788707618, "angular_velocity": -0.03776568466905661}
{"linear_velocity": 0.30722500712146883, "datetime": "2021-09-29 12:12:59.782022", "walls": [], "theta": 1.6618362507308742, "y": 0.8948315699750967, "x": -1.9198470172298048, "angular_velocity": -0.020264603022928984}
{"linear_velocity": 0.24849480636752766, "datetime": "2021-09-29 12:13:00.806044", "walls": [], "theta": 1.6507243066180717, "y": 1.141768321807957, "x": -1.9409057750090657, "angular_velocity": -0.005760810723105755}
{"linear_velocity": 0.20118668059105269, "datetime": "2021-09-29 12:13:01.781870", "walls": [], "theta": 1.6410377216943686, "y": 1.3548890062880212, "x": -1.9568391787730406, "angular_velocity": -0.0026560028240097066}
{"linear_velocity": 0.1686209648093215, "datetime": "2021-09-29 12:13:02.781795", "walls": [], "theta": 1.6373591640566634, "y": 1.5200240626678145, "x": -1.9682674151499766, "angular_velocity": -0.0017507908202964754}
{"linear_velocity": 0.13446252709322143, "datetime": "2021-09-29 12:13:03.782126", "walls": [], "theta": 1.637446600079445, "y": 1.6527889338126152, "x": -1.9771207135969464, "angular_velocity": -0.00041331335315868264}
{"linear_velocity": 0.11009269983144185, "datetime": "2021-09-29 12:13:04.781796", "walls": [], "theta": 1.6375201515093072, "y": 1.7623887943978618, "x": -1.984450020216755, "angular_velocity": -0.0005547205308839376}
{"linear_velocity": 0.08807592163784532, "datetime": "2021-09-29 12:13:05.781767", "walls": [], "theta": 1.6374171940548259, "y": 1.8550522572145727, "x": -1.990646428068306, "angular_velocity": -0.0011126606687957236}
{"linear_velocity": 0.19208212607268738, "datetime": "2021-09-29 12:13:06.781982", "walls": [], "theta": 1.6181922548240268, "y": 1.945707360683239, "x": -1.9964584239808636, "angular_velocity": -0.3827314393483023}
{"linear_velocity": 0.552915797326394, "datetime": "2021-09-29 12:13:07.781684", "walls": [], "theta": 0.5514264815478964, "y": 2.4481557982164035, "x": -1.7501002273858732, "angular_velocity": -1.0205775316015167}
{"linear_velocity": 0.5959026329617653, "datetime": "2021-09-29 12:13:08.781767", "walls": [], "theta": -0.08486456341799221, "y": 2.560363592650152, "x": -1.2040645614502643, "angular_velocity": -0.7229559751598699}
{"linear_velocity": 0.6027672102066454, "datetime": "2021-09-29 12:13:09.781925", "walls": [], "theta": -0.45957601269428083, "y": 2.374176362410909, "x": -0.5791740634190777, "angular_velocity": -0.3835484394866434}
{"linear_velocity": 0.5981558284407673, "datetime": "2021-09-29 12:13:10.801308", "walls": [], "theta": -0.6374496900524304, "y": 2.0698425309086517, "x": -0.07759426325402238, "angular_velocity": -0.2136845358717476}
{"linear_velocity": 0.5664470158884007, "datetime": "2021-09-29 12:13:11.782154", "walls": [], "theta": -0.7134317020784466, "y": 1.6946542402002085, "x": 0.3931615797158897, "angular_velocity": -0.1110097121913606}
{"linear_velocity": 0.4751095068343079, "datetime": "2021-09-29 12:13:12.781864", "walls": [], "theta": -0.7789788737018756, "y": 1.369740876194084, "x": 0.7445249620330274, "angular_velocity": -0.06994065502991202}
{"linear_velocity": 0.3928493528094227, "datetime": "2021-09-29 12:13:13.782073", "walls": [], "theta": -0.8086620788568399, "y": 1.1066184464511228, "x": 1.0017866410291691, "angular_velocity": -0.03682475027685259}
{"linear_velocity": 0.31757635649955657, "datetime": "2021-09-29 12:13:14.782319", "walls": [], "theta": -0.8230971978002041, "y": 0.8631790792676235, "x": 1.231357100521631, "angular_velocity": -0.02134189333843407}
{"linear_velocity": 0.25699036853511054, "datetime": "2021-09-29 12:13:15.782066", "walls": [], "theta": -0.8374370991874877, "y": 0.6632395938291685, "x": 1.413780375401918, "angular_velocity": -0.01304610516751562}
{"linear_velocity": 0.2068540325725195, "datetime": "2021-09-29 12:13:16.782007", "walls": [], "theta": -0.841247886718784, "y": 0.5010294196716363, "x": 1.5592511941021368, "angular_velocity": -0.006816082023432212}
{"linear_velocity": 0.17011161497255078, "datetime": "2021-09-29 12:13:17.781841", "walls": [], "theta": -0.8474634932749391, "y": 0.3754982994483937, "x": 1.6707229981383451, "angular_velocity": -0.005157364036879425}
{"linear_velocity": 0.13757531097724107, "datetime": "2021-09-29 12:13:18.781824", "walls": [], "theta": -0.8499139595033979, "y": 0.272475935157844, "x": 1.7613038150214548, "angular_velocity": -0.001950510391476759}
{"linear_velocity": 0.11314190382849937, "datetime": "2021-09-29 12:13:19.781790", "walls": [], "theta": -0.8500286257301214, "y": 0.18779841034173844, "x": 1.835676020645764, "angular_velocity": -0.0010536981575610023}
{"linear_velocity": 0.09109256309840642, "datetime": "2021-09-29 12:13:20.803438", "walls": [], "theta": -0.8523786888095294, "y": 0.11948423617144148, "x": 1.895606927694826, "angular_velocity": -0.0016718380245679476}
{"linear_velocity": 0.13115134879870782, "datetime": "2021-09-29 12:13:21.781872", "walls": [], "theta": -0.8582509480773471, "y": 0.059297814470543074, "x": 1.9482536231905911, "angular_velocity": -0.18511292452360933}
{"linear_velocity": 0.5207094642788989, "datetime": "2021-09-29 12:13:22.781793", "walls": [], "theta": -1.6274315715869152, "y": -0.3804336677966622, "x": 2.1286047907868073, "angular_velocity": -0.9062148893383535}
{"linear_velocity": 0.5932517278561685, "datetime": "2021-09-29 12:13:23.781979", "walls": [], "theta": -2.3188513890253657, "y": -0.9372453315465933, "x": 1.8567630524019028, "angular_velocity": -0.6511673688113458}
{"linear_velocity": 0.59988454420161, "datetime": "2021-09-29 12:13:24.781938", "walls": [], "theta": -2.6568775955122828, "y": -1.3070334400664696, "x": 1.3595877522989874, "angular_velocity": -0.3673607356912683}
{"linear_velocity": 0.5986757824974895, "datetime": "2021-09-29 12:13:25.781718", "walls": [], "theta": -2.831171411896857, "y": -1.5363185518158753, "x": 0.8148866526618038, "angular_velocity": -0.20596045749311173}
{"linear_velocity": 0.5573523061129182, "datetime": "2021-09-29 12:13:26.781751", "walls": [], "theta": -2.911709852996692, "y": -1.6979093467847348, "x": 0.24438936362625657, "angular_velocity": -0.11270509520816861}
{"linear_velocity": 0.47911202902797806, "datetime": "2021-09-29 12:13:27.781895", "walls": [], "theta": -2.968184952082332, "y": -1.7853395281732893, "x": -0.1882181157252493, "angular_velocity": -0.07012287080333948}
{"linear_velocity": 0.3811348924829103, "datetime": "2021-09-29 12:13:28.782781", "walls": [], "theta": -3.0009121714753, "y": -1.8479832312962268, "x": -0.5827905353914573, "angular_velocity": -0.04038710302183185}
{"linear_velocity": 0.3067768130113913, "datetime": "2021-09-29 12:13:29.781878", "walls": [], "theta": -3.0222691561234387, "y": -1.889692133642474, "x": -0.903786785656597, "angular_velocity": -0.02314710705019747}
{"linear_velocity": 0.24995329302377792, "datetime": "2021-09-29 12:13:30.816273", "walls": [], "theta": -3.0351005676074894, "y": -1.9175870116724594, "x": -1.1491279844370874, "angular_velocity": -0.014484973894493073}
{"linear_velocity": 0.20051701779543035, "datetime": "2021-09-29 12:13:31.782093", "walls": [], "theta": -3.0397409831760895, "y": -1.9392856566819545, "x": -1.360025234485274, "angular_velocity": -0.006212079294143905}
{"linear_velocity": 0.1661003551083598, "datetime": "2021-09-29 12:13:32.782051", "walls": [], "theta": -3.043837626162931, "y": -1.9554822521998643, "x": -1.5237980507417905, "angular_velocity": -0.00400837471364903}
{"linear_velocity": 0.13574987471839278, "datetime": "2021-09-29 12:13:33.781947", "walls": [], "theta": -3.0483438665035956, "y": -1.9675996869439607, "x": -1.6496304609140584, "angular_velocity": -0.003386518454542701}
{"linear_velocity": 0.10792005906547515, "datetime": "2021-09-29 12:13:34.781851", "walls": [], "theta": -3.0484148347779247, "y": -1.9788425182964484, "x": -1.7699112310995766, "angular_velocity": -0.0011259211860329072}
{"linear_velocity": 0.088031851091309, "datetime": "2021-09-29 12:13:35.781802", "walls": [], "theta": -3.048132586195511, "y": -1.9870461822031955, "x": -1.857651853003615, "angular_velocity": -0.0009690144541988264}
{"linear_velocity": 0.2681575250074088, "datetime": "2021-09-29 12:13:36.782042", "walls": [], "theta": -3.0933091089506783, "y": -1.9994356860811158, "x": -2.0004774524875377, "angular_velocity": -0.5315047785074976}
{"linear_velocity": 0.5580331258698426, "datetime": "2021-09-29 12:13:37.782054", "walls": [], "theta": 2.0339850738815453, "y": -1.7021731813867969, "x": -2.475414887012663, "angular_velocity": -1.0107564249481114}
{"linear_velocity": 0.5994341976270593, "datetime": "2021-09-29 12:13:38.782030", "walls": [], "theta": 1.4177193788698434, "y": -1.117035601138569, "x": -2.546986311647834, "angular_velocity": -0.6681090014208877}
{"linear_velocity": 0.6026062883925024, "datetime": "2021-09-29 12:13:39.782262", "walls": [], "theta": 1.0930508932808471, "y": -0.531432943305825, "x": -2.3461392124657348, "angular_velocity": -0.35966072107855557}
{"linear_velocity": 0.6008305957437861, "datetime": "2021-09-29 12:13:40.789274", "walls": [], "theta": 0.9239263998781374, "y": -0.034921978182218726, "x": -2.032537396562085, "angular_velocity": -0.19926372332119716}
{"linear_velocity": 0.5601978270684095, "datetime": "2021-09-29 12:13:41.782133", "walls": [], "theta": 0.8510765641418286, "y": 0.42935312451946794, "x": -1.6579782043525542, "angular_velocity": -0.10576079074687812}
{"linear_velocity": 0.46413044466163184, "datetime": "2021-09-29 12:13:42.781740", "walls": [], "theta": 0.7920338353287016, "y": 0.7714581848163872, "x": -1.3393294487401823, "angular_velocity": -0.06463589170067872}
{"linear_velocity": 0.38040671832808953, "datetime": "2021-09-29 12:13:43.782003", "walls": [], "theta": 0.7643254074912299, "y": 1.0378119274388158, "x": -1.0696355181109198, "angular_velocity": -0.03762600443556058}
{"linear_velocity": 0.30736704801919107, "datetime": "2021-09-29 12:13:44.782047", "walls": [], "theta": 0.7471897466731892, "y": 1.2618833693566842, "x": -0.8332968393827864, "angular_velocity": -0.024841778435996657}
{"linear_velocity": 0.2515935399600725, "datetime": "2021-09-29 12:13:45.781851", "walls": [], "theta": 0.7351367535886258, "y": 1.4311534312421315, "x": -0.6480816190178217, "angular_velocity": -0.015263570817837465}
{"linear_velocity": 0.20244873380688022, "datetime": "2021-09-29 12:13:46.781961", "walls": [], "theta": 0.7257510616564805, "y": 1.573393648227717, "x": -0.4892143389478482, "angular_velocity": -0.00984104927988745}
{"linear_velocity": 0.16868447844744422, "datetime": "2021-09-29 12:13:47.781775", "walls": [], "theta": 0.7177888349647883, "y": 1.6771385883504684, "x": -0.3712336715402274, "angular_velocity": -0.00627976152109329}
{"linear_velocity": 0.13542553186897704, "datetime": "2021-09-29 12:13:48.781966", "walls": [], "theta": 0.7167607030745982, "y": 1.770827904513665, "x": -0.26339246135862865, "angular_velocity": -0.00043965562698908484}
{"linear_velocity": 0.10925969251849835, "datetime": "2021-09-29 12:13:49.781780", "walls": [], "theta": 0.7175858503519439, "y": 1.8465858194239653, "x": -0.1765206969696082, "angular_velocity": -0.00040846558374903446}
{"linear_velocity": 0.08783197164618368, "datetime": "2021-09-29 12:13:50.791727", "walls": [], "theta": 0.7147658832129933, "y": 1.9040508823114177, "x": -0.11048923102968347, "angular_velocity": -0.001198871674582329}
{"linear_velocity": 0.20100430887568618, "datetime": "2021-09-29 12:13:51.781473", "walls": [], "theta": 0.694256115358381, "y": 1.9582016266583684, "x": -0.04807812268773208, "angular_velocity": -0.5179131376298792}
{"linear_velocity": 0.5397896498074546, "datetime": "2021-09-29 12:13:52.782176", "walls": [], "theta": -0.28360568448945594, "y": 2.090244701822504, "x": 0.4232533348906337, "angular_velocity": -1.1701449921680398}
{"linear_velocity": 0.5952249583679129, "datetime": "2021-09-29 12:13:53.782035", "walls": [], "theta": -1.0869288642789117, "y": 1.6989377328252997, "x": 0.855739541841531, "angular_velocity": -0.8347557105074482}
{"linear_velocity": 0.6003978949487588, "datetime": "2021-09-29 12:13:54.781929", "walls": [], "theta": -1.5121433757387794, "y": 1.0997726748295027, "x": 1.008765833291111, "angular_velocity": -0.46908383734037995}
{"linear_velocity": 0.6010774707264632, "datetime": "2021-09-29 12:13:55.781823", "walls": [], "theta": -1.722836888459291, "y": 0.5092298753223731, "x": 0.9768820755096775, "angular_velocity": -0.2646120747502473}
{"linear_velocity": 0.5361877928068582, "datetime": "2021-09-29 12:13:56.781687", "walls": [], "theta": -1.852943477817433, "y": -0.019855524239394823, "x": 0.8575200192468884, "angular_velocity": -0.15353836791082986}
{"linear_velocity": 0.44153677624321036, "datetime": "2021-09-29 12:13:57.782127", "walls": [], "theta": -1.9315725923333893, "y": -0.4606066901322583, "x": 0.7113390005726232, "angular_velocity": -0.09042371001637975}
{"linear_velocity": 0.359874676456012, "datetime": "2021-09-29 12:13:58.781993", "walls": [], "theta": -1.979622994949209, "y": -0.7937099997739302, "x": 0.5763496208450039, "angular_velocity": -0.05281907048871073}
{"linear_velocity": 0.2896339933550974, "datetime": "2021-09-29 12:13:59.781537", "walls": [], "theta": -2.002885472738536, "y": -1.0726164529794497, "x": 0.4511059529149702, "angular_velocity": -0.02612282684250613}
{"linear_velocity": 0.23592120182087933, "datetime": "2021-09-29 12:14:00.796893", "walls": [], "theta": -2.0146098359457594, "y": -1.284272952442524, "x": 0.3517755155413189, "angular_velocity": -0.014390164959879536}
{"linear_velocity": 0.19144247226515818, "datetime": "2021-09-29 12:14:01.781857", "walls": [], "theta": -2.022327562683368, "y": -1.4682828101850482, "x": 0.26364824010113524, "angular_velocity": -0.009943212880803591}
{"linear_velocity": 0.1551059330627195, "datetime": "2021-09-29 12:14:02.782026", "walls": [], "theta": -2.031399481234753, "y": -1.6080276465918755, "x": 0.19534187411175535, "angular_velocity": -0.008032601666629514}
{"linear_velocity": 0.12637365592245228, "datetime": "2021-09-29 12:14:03.782045", "walls": [], "theta": -2.0334859994024246, "y": -1.7206790899796414, "x": 0.13941907683261687, "angular_velocity": -0.0033701111143665465}
{"linear_velocity": 0.10378869533763221, "datetime": "2021-09-29 12:14:04.781933", "walls": [], "theta": -2.0333398971291428, "y": -1.8134825391104696, "x": 0.09312558687424188, "angular_velocity": -0.000634199292214043}
{"linear_velocity": 0.08436423943504648, "datetime": "2021-09-29 12:14:05.781788", "walls": [], "theta": -2.0336718808616934, "y": -1.892814054829839, "x": 0.05356107518166088, "angular_velocity": -0.00029337276135401995}
{"linear_velocity": 0.39060189843028903, "datetime": "2021-09-29 12:14:06.782029", "walls": [], "theta": -2.3429437487158165, "y": -2.113637110316326, "x": -0.08206110587856179, "angular_velocity": -0.8384669223395901}
{"linear_velocity": 0.578917628770745, "datetime": "2021-09-29 12:14:07.781892", "walls": [], "theta": 2.8155783139208164, "y": -2.208460903972819, "x": -0.6515818070713896, "angular_velocity": -0.9880533479029558}
{"linear_velocity": 0.601754803005748, "datetime": "2021-09-29 12:14:08.782025", "walls": [], "theta": 2.263208093204357, "y": -1.8626875041912239, "x": -1.1278394669827172, "angular_velocity": -0.6173912808412902}
{"linear_velocity": 0.6024832913428263, "datetime": "2021-09-29 12:14:09.781981", "walls": [], "theta": 1.9826320757110552, "y": -1.3289345898644103, "x": -1.4453627685315935, "angular_velocity": -0.32160419906872656}
{"linear_velocity": 0.5996001082198614, "datetime": "2021-09-29 12:14:10.811225", "walls": [], "theta": 1.83869288081404, "y": -0.773995216633977, "x": -1.636095383941218, "angular_velocity": -0.17415326400663134}
{"linear_velocity": 0.5484457776243141, "datetime": "2021-09-29 12:14:11.782117", "walls": [], "theta": 1.7639618253532587, "y": -0.20328097149240557, "x": -1.7729996579653169, "angular_velocity": -0.10167207632612589}
{"linear_velocity": 0.458688486655801, "datetime": "2021-09-29 12:14:12.781160", "walls": [], "theta": 1.7187199425175355, "y": 0.22349554632609897, "x": -1.8456427895367018, "angular_velocity": -0.06341809059026914}
{"linear_velocity": 0.37116084740300065, "datetime": "2021-09-29 12:14:13.781963", "walls": [], "theta": 1.6853753421969446, "y": 0.6124300502925141, "x": -1.896570897025131, "angular_velocity": -0.040509547470827696}
{"linear_velocity": 0.2984882196352127, "datetime": "2021-09-29 12:14:14.782024", "walls": [], "theta": 1.6556262703233213, "y": 0.9275452847085238, "x": -1.9272417415590928, "angular_velocity": -0.02461564441154925}
{"linear_velocity": 0.24381196516335937, "datetime": "2021-09-29 12:14:15.782076", "walls": [], "theta": 1.6434614097219977, "y": 1.1701601232558494, "x": -1.946253006965096, "angular_velocity": -0.012742749273961414}
{"linear_velocity": 0.19809449724407263, "datetime": "2021-09-29 12:14:16.781935", "walls": [], "theta": 1.6388091645016263, "y": 1.3784249937696136, "x": -1.9611093941629671, "angular_velocity": -0.006928864702460084}
{"linear_velocity": 0.1624631332232504, "datetime": "2021-09-29 12:14:17.782139", "walls": [], "theta": 1.6373848397176185, "y": 1.5388770116861896, "x": -1.972047390153297, "angular_velocity": -0.004884738501896185}
{"linear_velocity": 0.13274786623263954, "datetime": "2021-09-29 12:14:18.781771", "walls": [], "theta": 1.6312062877045017, "y": 1.6631353171148455, "x": -1.97989593327495, "angular_velocity": -0.0036592431337219367}
{"linear_velocity": 0.1055475979922549, "datetime": "2021-09-29 12:14:19.782008", "walls": [], "theta": 1.6317110390143281, "y": 1.7808138109867746, "x": -1.987050909623257, "angular_velocity": -0.0011382437423470145}
{"linear_velocity": 0.08584463023764324, "datetime": "2021-09-29 12:14:20.789161", "walls": [], "theta": 1.6291085536102723, "y": 1.8663298985932473, "x": -1.992114000580825, "angular_velocity": -0.000982786405932114}
{"linear_velocity": 0.31221100602460505, "datetime": "2021-09-29 12:14:21.781775", "walls": [], "theta": 1.542819416081808, "y": 2.0443494460283316, "x": -1.9998889990168385, "angular_velocity": -0.61809100784923}
{"linear_velocity": 0.5710772073889161, "datetime": "2021-09-29 12:14:22.782035", "walls": [], "theta": 0.36538692765144015, "y": 2.494053386836267, "x": -1.6444333486500675, "angular_velocity": -1.006219943935073}
{"linear_velocity": 0.5980930476703377, "datetime": "2021-09-29 12:14:23.781828", "walls": [], "theta": -0.2111729404525722, "y": 2.516775826255991, "x": -1.0582984504774866, "angular_velocity": -0.6272316848723842}
{"linear_velocity": 0.5999858737403434, "datetime": "2021-09-29 12:14:24.781958", "walls": [], "theta": -0.49561422063836663, "y": 2.315772894466465, "x": -0.5375875381577312, "angular_velocity": -0.3520833570941121}
